#
# There is insufficient memory for the Java Runtime Environment to continue.
# Native memory allocation (malloc) failed to allocate 346656 bytes for Chunk::new
# Possible reasons:
#   The system is out of physical RAM or swap space
#   The process is running with CompressedOops enabled, and the Java Heap may be blocking the growth of the native heap
# Possible solutions:
#   Reduce memory load on the system
#   Increase physical memory or swap space
#   Check if swap backing store is full
#   Decrease Java heap size (-Xmx/-Xms)
#   Decrease number of Java threads
#   Decrease Java thread stack sizes (-Xss)
#   Set larger code cache with -XX:ReservedCodeCacheSize=
#   JVM is running with Unscaled Compressed Oops mode in which the Java heap is
#     placed in the first 4GB address space. The Java Heap base address is the
#     maximum limit for the native heap growth. Please use -XX:HeapBaseMinAddress
#     to set the Java Heap base and to place the Java Heap above 4GB virtual address.
# This output file may be truncated or incomplete.
#
#  Out of Memory Error (t:/workspace/open/src/hotspot/share/memory/arena.cpp:197), pid=2772, tid=10356
#
# JRE version: Java(TM) SE Runtime Environment (12.0+33) (build 12+33)
# Java VM: Java HotSpot(TM) 64-Bit Server VM (12+33, mixed mode, sharing, tiered, compressed oops, g1 gc, windows-amd64)
# No core dump will be written. Minidumps are not enabled by default on client versions of Windows
#

---------------  S U M M A R Y ------------

Command Line: -Dclassworlds.conf=D:\Program Files\NetBeans-11.1\netbeans\java\maven\bin\m2.conf -Dmaven.home=D:\Program Files\NetBeans-11.1\netbeans\java\maven -Dmaven.multiModuleProjectDirectory=D:\Мои материалы\Каталог\Dropbox\ИСУ\Дисциплины\ООП\2019\Лаб 2\Java\Lab2 org.codehaus.plexus.classworlds.launcher.Launcher -Dexec.args=-classpath %classpath com.mycompany.lab2.Lab2 -Dexec.executable=D:\Program Files\Java\jdk-12\bin\java.exe -Dmaven.ext.class.path=D:\Program Files\NetBeans-11.1\netbeans\java\maven-nblib\netbeans-eventspy.jar -Dfile.encoding=UTF-8 org.codehaus.mojo:exec-maven-plugin:1.5.0:exec

Host: Intel(R) Core(TM) i7-3630QM CPU @ 2.40GHz, 8 cores, 7G,  Windows 10 , 64 bit Build 18362 (10.0.18362.86)
Time: Wed Sep 11 12:01:43 2019 RTZ 6 (ceia) elapsed time: 0 seconds (0d 0h 0m 0s)

---------------  T H R E A D  ---------------

Current thread (0x000001aa7f868800):  JavaThread "C2 CompilerThread0" daemon [_thread_in_native, id=10356, stack(0x000000a23de00000,0x000000a23df00000)]


Current CompileTask:
C2:    618  629  s!   4       jdk.internal.loader.URLClassPath::getLoader (194 bytes)

Stack: [0x000000a23de00000,0x000000a23df00000]
Native frames: (J=compiled Java code, j=interpreted, Vv=VM code, C=native code)
V  [jvm.dll+0x63948a]
V  [jvm.dll+0x78b31f]
V  [jvm.dll+0x78c9c1]
V  [jvm.dll+0x78d013]
V  [jvm.dll+0x262138]
V  [jvm.dll+0xc582c]
V  [jvm.dll+0xc5dac]
V  [jvm.dll+0x2d3854]
V  [jvm.dll+0x55596d]
V  [jvm.dll+0x2244f7]
V  [jvm.dll+0x21e143]
V  [jvm.dll+0x21b0e6]
V  [jvm.dll+0x199890]
V  [jvm.dll+0x22a534]
V  [jvm.dll+0x228b88]
V  [jvm.dll+0x74f660]
V  [jvm.dll+0x748648]
V  [jvm.dll+0x638566]
C  [ucrtbase.dll+0x1d9f2]
C  [KERNEL32.DLL+0x17bd4]
C  [ntdll.dll+0x6ce71]


---------------  P R O C E S S  ---------------

Threads class SMR info:
_java_thread_list=0x000001aa04c25800, length=11, elements={
0x000001aa64b58800, 0x000001aa7f846000, 0x000001aa7f846800, 0x000001aa7f864000,
0x000001aa7f864800, 0x000001aa7f868800, 0x000001aa7f86c000, 0x000001aa7f874800,
0x000001aa7fae3800, 0x000001aa7faec800, 0x000001aa04fe2800
}

Java Threads: ( => current thread )
  0x000001aa64b58800 JavaThread "main" [_thread_in_vm, id=25808, stack(0x000000a23d300000,0x000000a23d400000)]
  0x000001aa7f846000 JavaThread "Reference Handler" daemon [_thread_blocked, id=18320, stack(0x000000a23da00000,0x000000a23db00000)]
  0x000001aa7f846800 JavaThread "Finalizer" daemon [_thread_blocked, id=15608, stack(0x000000a23db00000,0x000000a23dc00000)]
  0x000001aa7f864000 JavaThread "Signal Dispatcher" daemon [_thread_blocked, id=28284, stack(0x000000a23dc00000,0x000000a23dd00000)]
  0x000001aa7f864800 JavaThread "Attach Listener" daemon [_thread_blocked, id=25120, stack(0x000000a23dd00000,0x000000a23de00000)]
=>0x000001aa7f868800 JavaThread "C2 CompilerThread0" daemon [_thread_in_native, id=10356, stack(0x000000a23de00000,0x000000a23df00000)]
  0x000001aa7f86c000 JavaThread "C1 CompilerThread0" daemon [_thread_blocked, id=27468, stack(0x000000a23df00000,0x000000a23e000000)]
  0x000001aa7f874800 JavaThread "Sweeper thread" daemon [_thread_blocked, id=21564, stack(0x000000a23e000000,0x000000a23e100000)]
  0x000001aa7fae3800 JavaThread "Service Thread" daemon [_thread_blocked, id=26180, stack(0x000000a23e100000,0x000000a23e200000)]
  0x000001aa7faec800 JavaThread "Common-Cleaner" daemon [_thread_blocked, id=28500, stack(0x000000a23e300000,0x000000a23e400000)]
  0x000001aa04fe2800 JavaThread "C2 CompilerThread1" daemon [_thread_blocked, id=27484, stack(0x000000a23e400000,0x000000a23e500000)]

Other Threads:
  0x000001aa7f843000 VMThread "VM Thread" [stack: 0x000000a23d900000,0x000000a23da00000] [id=15308]
  0x000001aa7fae9800 WatcherThread [stack: 0x000000a23e200000,0x000000a23e300000] [id=24232]
  0x000001aa64b97800 GCTaskThread "GC Thread#0" [stack: 0x000000a23d400000,0x000000a23d500000] [id=21604]
  0x000001aa64ba6000 ConcurrentGCThread "G1 Main Marker" [stack: 0x000000a23d500000,0x000000a23d600000] [id=23172]
  0x000001aa64ba9000 ConcurrentGCThread "G1 Conc#0" [stack: 0x000000a23d600000,0x000000a23d700000] [id=21940]
  0x000001aa7f6c0800 ConcurrentGCThread "G1 Refine#0" [stack: 0x000000a23d700000,0x000000a23d800000] [id=20100]
  0x000001aa7f6c1800 ConcurrentGCThread "G1 Young RemSet Sampling" [stack: 0x000000a23d800000,0x000000a23d900000] [id=17712]

Threads with active compile tasks:
C2 CompilerThread0   629  s!   4       jdk.internal.loader.URLClassPath::getLoader (194 bytes)

VM state:not at safepoint (normal execution)

VM Mutex/Monitor currently owned by a thread: None

Heap address: 0x0000000081c00000, size: 2020 MB, Compressed Oops mode: 32-bit
Narrow klass base: 0x0000000800000000, Narrow klass shift: 3
Compressed class space size: 1073741824 Address: 0x00000008011a0000

Heap:
 garbage-first heap   total 131072K, used 13312K [0x0000000081c00000, 0x0000000100000000)
  region size 1024K, 15 young (15360K), 0 survivors (0K)
 Metaspace       used 4063K, capacity 7092K, committed 7296K, reserved 1056768K
  class space    used 496K, capacity 791K, committed 896K, reserved 1048576K
Heap Regions: E=young(eden), S=young(survivor), O=old, HS=humongous(starts), HC=humongous(continues), CS=collection set, F=free, A=archive, TAMS=top-at-mark-start (previous, next)
|   0|0x0000000081c00000, 0x0000000081c00000, 0x0000000081d00000|  0%| F|  |TAMS 0x0000000081c00000, 0x0000000081c00000| Untracked 
|   1|0x0000000081d00000, 0x0000000081d00000, 0x0000000081e00000|  0%| F|  |TAMS 0x0000000081d00000, 0x0000000081d00000| Untracked 
|   2|0x0000000081e00000, 0x0000000081e00000, 0x0000000081f00000|  0%| F|  |TAMS 0x0000000081e00000, 0x0000000081e00000| Untracked 
|   3|0x0000000081f00000, 0x0000000081f00000, 0x0000000082000000|  0%| F|  |TAMS 0x0000000081f00000, 0x0000000081f00000| Untracked 
|   4|0x0000000082000000, 0x0000000082000000, 0x0000000082100000|  0%| F|  |TAMS 0x0000000082000000, 0x0000000082000000| Untracked 
|   5|0x0000000082100000, 0x0000000082100000, 0x0000000082200000|  0%| F|  |TAMS 0x0000000082100000, 0x0000000082100000| Untracked 
|   6|0x0000000082200000, 0x0000000082200000, 0x0000000082300000|  0%| F|  |TAMS 0x0000000082200000, 0x0000000082200000| Untracked 
|   7|0x0000000082300000, 0x0000000082300000, 0x0000000082400000|  0%| F|  |TAMS 0x0000000082300000, 0x0000000082300000| Untracked 
|   8|0x0000000082400000, 0x0000000082400000, 0x0000000082500000|  0%| F|  |TAMS 0x0000000082400000, 0x0000000082400000| Untracked 
|   9|0x0000000082500000, 0x0000000082500000, 0x0000000082600000|  0%| F|  |TAMS 0x0000000082500000, 0x0000000082500000| Untracked 
|  10|0x0000000082600000, 0x0000000082600000, 0x0000000082700000|  0%| F|  |TAMS 0x0000000082600000, 0x0000000082600000| Untracked 
|  11|0x0000000082700000, 0x0000000082700000, 0x0000000082800000|  0%| F|  |TAMS 0x0000000082700000, 0x0000000082700000| Untracked 
|  12|0x0000000082800000, 0x0000000082800000, 0x0000000082900000|  0%| F|  |TAMS 0x0000000082800000, 0x0000000082800000| Untracked 
|  13|0x0000000082900000, 0x0000000082900000, 0x0000000082a00000|  0%| F|  |TAMS 0x0000000082900000, 0x0000000082900000| Untracked 
|  14|0x0000000082a00000, 0x0000000082a00000, 0x0000000082b00000|  0%| F|  |TAMS 0x0000000082a00000, 0x0000000082a00000| Untracked 
|  15|0x0000000082b00000, 0x0000000082b00000, 0x0000000082c00000|  0%| F|  |TAMS 0x0000000082b00000, 0x0000000082b00000| Untracked 
|  16|0x0000000082c00000, 0x0000000082c00000, 0x0000000082d00000|  0%| F|  |TAMS 0x0000000082c00000, 0x0000000082c00000| Untracked 
|  17|0x0000000082d00000, 0x0000000082d00000, 0x0000000082e00000|  0%| F|  |TAMS 0x0000000082d00000, 0x0000000082d00000| Untracked 
|  18|0x0000000082e00000, 0x0000000082e00000, 0x0000000082f00000|  0%| F|  |TAMS 0x0000000082e00000, 0x0000000082e00000| Untracked 
|  19|0x0000000082f00000, 0x0000000082f00000, 0x0000000083000000|  0%| F|  |TAMS 0x0000000082f00000, 0x0000000082f00000| Untracked 
|  20|0x0000000083000000, 0x0000000083000000, 0x0000000083100000|  0%| F|  |TAMS 0x0000000083000000, 0x0000000083000000| Untracked 
|  21|0x0000000083100000, 0x0000000083100000, 0x0000000083200000|  0%| F|  |TAMS 0x0000000083100000, 0x0000000083100000| Untracked 
|  22|0x0000000083200000, 0x0000000083200000, 0x0000000083300000|  0%| F|  |TAMS 0x0000000083200000, 0x0000000083200000| Untracked 
|  23|0x0000000083300000, 0x0000000083300000, 0x0000000083400000|  0%| F|  |TAMS 0x0000000083300000, 0x0000000083300000| Untracked 
|  24|0x0000000083400000, 0x0000000083400000, 0x0000000083500000|  0%| F|  |TAMS 0x0000000083400000, 0x0000000083400000| Untracked 
|  25|0x0000000083500000, 0x0000000083500000, 0x0000000083600000|  0%| F|  |TAMS 0x0000000083500000, 0x0000000083500000| Untracked 
|  26|0x0000000083600000, 0x0000000083600000, 0x0000000083700000|  0%| F|  |TAMS 0x0000000083600000, 0x0000000083600000| Untracked 
|  27|0x0000000083700000, 0x0000000083700000, 0x0000000083800000|  0%| F|  |TAMS 0x0000000083700000, 0x0000000083700000| Untracked 
|  28|0x0000000083800000, 0x0000000083800000, 0x0000000083900000|  0%| F|  |TAMS 0x0000000083800000, 0x0000000083800000| Untracked 
|  29|0x0000000083900000, 0x0000000083900000, 0x0000000083a00000|  0%| F|  |TAMS 0x0000000083900000, 0x0000000083900000| Untracked 
|  30|0x0000000083a00000, 0x0000000083a00000, 0x0000000083b00000|  0%| F|  |TAMS 0x0000000083a00000, 0x0000000083a00000| Untracked 
|  31|0x0000000083b00000, 0x0000000083b00000, 0x0000000083c00000|  0%| F|  |TAMS 0x0000000083b00000, 0x0000000083b00000| Untracked 
|  32|0x0000000083c00000, 0x0000000083c00000, 0x0000000083d00000|  0%| F|  |TAMS 0x0000000083c00000, 0x0000000083c00000| Untracked 
|  33|0x0000000083d00000, 0x0000000083d00000, 0x0000000083e00000|  0%| F|  |TAMS 0x0000000083d00000, 0x0000000083d00000| Untracked 
|  34|0x0000000083e00000, 0x0000000083e00000, 0x0000000083f00000|  0%| F|  |TAMS 0x0000000083e00000, 0x0000000083e00000| Untracked 
|  35|0x0000000083f00000, 0x0000000083f00000, 0x0000000084000000|  0%| F|  |TAMS 0x0000000083f00000, 0x0000000083f00000| Untracked 
|  36|0x0000000084000000, 0x0000000084000000, 0x0000000084100000|  0%| F|  |TAMS 0x0000000084000000, 0x0000000084000000| Untracked 
|  37|0x0000000084100000, 0x0000000084100000, 0x0000000084200000|  0%| F|  |TAMS 0x0000000084100000, 0x0000000084100000| Untracked 
|  38|0x0000000084200000, 0x0000000084200000, 0x0000000084300000|  0%| F|  |TAMS 0x0000000084200000, 0x0000000084200000| Untracked 
|  39|0x0000000084300000, 0x0000000084300000, 0x0000000084400000|  0%| F|  |TAMS 0x0000000084300000, 0x0000000084300000| Untracked 
|  40|0x0000000084400000, 0x0000000084400000, 0x0000000084500000|  0%| F|  |TAMS 0x0000000084400000, 0x0000000084400000| Untracked 
|  41|0x0000000084500000, 0x0000000084500000, 0x0000000084600000|  0%| F|  |TAMS 0x0000000084500000, 0x0000000084500000| Untracked 
|  42|0x0000000084600000, 0x0000000084600000, 0x0000000084700000|  0%| F|  |TAMS 0x0000000084600000, 0x0000000084600000| Untracked 
|  43|0x0000000084700000, 0x0000000084700000, 0x0000000084800000|  0%| F|  |TAMS 0x0000000084700000, 0x0000000084700000| Untracked 
|  44|0x0000000084800000, 0x0000000084800000, 0x0000000084900000|  0%| F|  |TAMS 0x0000000084800000, 0x0000000084800000| Untracked 
|  45|0x0000000084900000, 0x0000000084900000, 0x0000000084a00000|  0%| F|  |TAMS 0x0000000084900000, 0x0000000084900000| Untracked 
|  46|0x0000000084a00000, 0x0000000084a00000, 0x0000000084b00000|  0%| F|  |TAMS 0x0000000084a00000, 0x0000000084a00000| Untracked 
|  47|0x0000000084b00000, 0x0000000084b00000, 0x0000000084c00000|  0%| F|  |TAMS 0x0000000084b00000, 0x0000000084b00000| Untracked 
|  48|0x0000000084c00000, 0x0000000084c00000, 0x0000000084d00000|  0%| F|  |TAMS 0x0000000084c00000, 0x0000000084c00000| Untracked 
|  49|0x0000000084d00000, 0x0000000084d00000, 0x0000000084e00000|  0%| F|  |TAMS 0x0000000084d00000, 0x0000000084d00000| Untracked 
|  50|0x0000000084e00000, 0x0000000084e00000, 0x0000000084f00000|  0%| F|  |TAMS 0x0000000084e00000, 0x0000000084e00000| Untracked 
|  51|0x0000000084f00000, 0x0000000084f00000, 0x0000000085000000|  0%| F|  |TAMS 0x0000000084f00000, 0x0000000084f00000| Untracked 
|  52|0x0000000085000000, 0x0000000085000000, 0x0000000085100000|  0%| F|  |TAMS 0x0000000085000000, 0x0000000085000000| Untracked 
|  53|0x0000000085100000, 0x0000000085100000, 0x0000000085200000|  0%| F|  |TAMS 0x0000000085100000, 0x0000000085100000| Untracked 
|  54|0x0000000085200000, 0x0000000085200000, 0x0000000085300000|  0%| F|  |TAMS 0x0000000085200000, 0x0000000085200000| Untracked 
|  55|0x0000000085300000, 0x0000000085300000, 0x0000000085400000|  0%| F|  |TAMS 0x0000000085300000, 0x0000000085300000| Untracked 
|  56|0x0000000085400000, 0x0000000085400000, 0x0000000085500000|  0%| F|  |TAMS 0x0000000085400000, 0x0000000085400000| Untracked 
|  57|0x0000000085500000, 0x0000000085500000, 0x0000000085600000|  0%| F|  |TAMS 0x0000000085500000, 0x0000000085500000| Untracked 
|  58|0x0000000085600000, 0x0000000085600000, 0x0000000085700000|  0%| F|  |TAMS 0x0000000085600000, 0x0000000085600000| Untracked 
|  59|0x0000000085700000, 0x0000000085700000, 0x0000000085800000|  0%| F|  |TAMS 0x0000000085700000, 0x0000000085700000| Untracked 
|  60|0x0000000085800000, 0x0000000085800000, 0x0000000085900000|  0%| F|  |TAMS 0x0000000085800000, 0x0000000085800000| Untracked 
|  61|0x0000000085900000, 0x0000000085900000, 0x0000000085a00000|  0%| F|  |TAMS 0x0000000085900000, 0x0000000085900000| Untracked 
|  62|0x0000000085a00000, 0x0000000085a00000, 0x0000000085b00000|  0%| F|  |TAMS 0x0000000085a00000, 0x0000000085a00000| Untracked 
|  63|0x0000000085b00000, 0x0000000085b00000, 0x0000000085c00000|  0%| F|  |TAMS 0x0000000085b00000, 0x0000000085b00000| Untracked 
|  64|0x0000000085c00000, 0x0000000085c00000, 0x0000000085d00000|  0%| F|  |TAMS 0x0000000085c00000, 0x0000000085c00000| Untracked 
|  65|0x0000000085d00000, 0x0000000085d00000, 0x0000000085e00000|  0%| F|  |TAMS 0x0000000085d00000, 0x0000000085d00000| Untracked 
|  66|0x0000000085e00000, 0x0000000085e00000, 0x0000000085f00000|  0%| F|  |TAMS 0x0000000085e00000, 0x0000000085e00000| Untracked 
|  67|0x0000000085f00000, 0x0000000085f00000, 0x0000000086000000|  0%| F|  |TAMS 0x0000000085f00000, 0x0000000085f00000| Untracked 
|  68|0x0000000086000000, 0x0000000086000000, 0x0000000086100000|  0%| F|  |TAMS 0x0000000086000000, 0x0000000086000000| Untracked 
|  69|0x0000000086100000, 0x0000000086100000, 0x0000000086200000|  0%| F|  |TAMS 0x0000000086100000, 0x0000000086100000| Untracked 
|  70|0x0000000086200000, 0x0000000086200000, 0x0000000086300000|  0%| F|  |TAMS 0x0000000086200000, 0x0000000086200000| Untracked 
|  71|0x0000000086300000, 0x0000000086300000, 0x0000000086400000|  0%| F|  |TAMS 0x0000000086300000, 0x0000000086300000| Untracked 
|  72|0x0000000086400000, 0x0000000086400000, 0x0000000086500000|  0%| F|  |TAMS 0x0000000086400000, 0x0000000086400000| Untracked 
|  73|0x0000000086500000, 0x0000000086500000, 0x0000000086600000|  0%| F|  |TAMS 0x0000000086500000, 0x0000000086500000| Untracked 
|  74|0x0000000086600000, 0x0000000086600000, 0x0000000086700000|  0%| F|  |TAMS 0x0000000086600000, 0x0000000086600000| Untracked 
|  75|0x0000000086700000, 0x0000000086700000, 0x0000000086800000|  0%| F|  |TAMS 0x0000000086700000, 0x0000000086700000| Untracked 
|  76|0x0000000086800000, 0x0000000086800000, 0x0000000086900000|  0%| F|  |TAMS 0x0000000086800000, 0x0000000086800000| Untracked 
|  77|0x0000000086900000, 0x0000000086900000, 0x0000000086a00000|  0%| F|  |TAMS 0x0000000086900000, 0x0000000086900000| Untracked 
|  78|0x0000000086a00000, 0x0000000086a00000, 0x0000000086b00000|  0%| F|  |TAMS 0x0000000086a00000, 0x0000000086a00000| Untracked 
|  79|0x0000000086b00000, 0x0000000086b00000, 0x0000000086c00000|  0%| F|  |TAMS 0x0000000086b00000, 0x0000000086b00000| Untracked 
|  80|0x0000000086c00000, 0x0000000086c00000, 0x0000000086d00000|  0%| F|  |TAMS 0x0000000086c00000, 0x0000000086c00000| Untracked 
|  81|0x0000000086d00000, 0x0000000086d00000, 0x0000000086e00000|  0%| F|  |TAMS 0x0000000086d00000, 0x0000000086d00000| Untracked 
|  82|0x0000000086e00000, 0x0000000086e00000, 0x0000000086f00000|  0%| F|  |TAMS 0x0000000086e00000, 0x0000000086e00000| Untracked 
|  83|0x0000000086f00000, 0x0000000086f00000, 0x0000000087000000|  0%| F|  |TAMS 0x0000000086f00000, 0x0000000086f00000| Untracked 
|  84|0x0000000087000000, 0x0000000087000000, 0x0000000087100000|  0%| F|  |TAMS 0x0000000087000000, 0x0000000087000000| Untracked 
|  85|0x0000000087100000, 0x0000000087100000, 0x0000000087200000|  0%| F|  |TAMS 0x0000000087100000, 0x0000000087100000| Untracked 
|  86|0x0000000087200000, 0x0000000087200000, 0x0000000087300000|  0%| F|  |TAMS 0x0000000087200000, 0x0000000087200000| Untracked 
|  87|0x0000000087300000, 0x0000000087300000, 0x0000000087400000|  0%| F|  |TAMS 0x0000000087300000, 0x0000000087300000| Untracked 
|  88|0x0000000087400000, 0x0000000087400000, 0x0000000087500000|  0%| F|  |TAMS 0x0000000087400000, 0x0000000087400000| Untracked 
|  89|0x0000000087500000, 0x0000000087500000, 0x0000000087600000|  0%| F|  |TAMS 0x0000000087500000, 0x0000000087500000| Untracked 
|  90|0x0000000087600000, 0x0000000087600000, 0x0000000087700000|  0%| F|  |TAMS 0x0000000087600000, 0x0000000087600000| Untracked 
|  91|0x0000000087700000, 0x0000000087700000, 0x0000000087800000|  0%| F|  |TAMS 0x0000000087700000, 0x0000000087700000| Untracked 
|  92|0x0000000087800000, 0x0000000087800000, 0x0000000087900000|  0%| F|  |TAMS 0x0000000087800000, 0x0000000087800000| Untracked 
|  93|0x0000000087900000, 0x0000000087900000, 0x0000000087a00000|  0%| F|  |TAMS 0x0000000087900000, 0x0000000087900000| Untracked 
|  94|0x0000000087a00000, 0x0000000087a00000, 0x0000000087b00000|  0%| F|  |TAMS 0x0000000087a00000, 0x0000000087a00000| Untracked 
|  95|0x0000000087b00000, 0x0000000087b00000, 0x0000000087c00000|  0%| F|  |TAMS 0x0000000087b00000, 0x0000000087b00000| Untracked 
|  96|0x0000000087c00000, 0x0000000087c00000, 0x0000000087d00000|  0%| F|  |TAMS 0x0000000087c00000, 0x0000000087c00000| Untracked 
|  97|0x0000000087d00000, 0x0000000087d00000, 0x0000000087e00000|  0%| F|  |TAMS 0x0000000087d00000, 0x0000000087d00000| Untracked 
|  98|0x0000000087e00000, 0x0000000087e00000, 0x0000000087f00000|  0%| F|  |TAMS 0x0000000087e00000, 0x0000000087e00000| Untracked 
|  99|0x0000000087f00000, 0x0000000087f00000, 0x0000000088000000|  0%| F|  |TAMS 0x0000000087f00000, 0x0000000087f00000| Untracked 
| 100|0x0000000088000000, 0x0000000088000000, 0x0000000088100000|  0%| F|  |TAMS 0x0000000088000000, 0x0000000088000000| Untracked 
| 101|0x0000000088100000, 0x0000000088100000, 0x0000000088200000|  0%| F|  |TAMS 0x0000000088100000, 0x0000000088100000| Untracked 
| 102|0x0000000088200000, 0x0000000088200000, 0x0000000088300000|  0%| F|  |TAMS 0x0000000088200000, 0x0000000088200000| Untracked 
| 103|0x0000000088300000, 0x0000000088300000, 0x0000000088400000|  0%| F|  |TAMS 0x0000000088300000, 0x0000000088300000| Untracked 
| 104|0x0000000088400000, 0x0000000088400000, 0x0000000088500000|  0%| F|  |TAMS 0x0000000088400000, 0x0000000088400000| Untracked 
| 105|0x0000000088500000, 0x0000000088500000, 0x0000000088600000|  0%| F|  |TAMS 0x0000000088500000, 0x0000000088500000| Untracked 
| 106|0x0000000088600000, 0x0000000088600000, 0x0000000088700000|  0%| F|  |TAMS 0x0000000088600000, 0x0000000088600000| Untracked 
| 107|0x0000000088700000, 0x0000000088700000, 0x0000000088800000|  0%| F|  |TAMS 0x0000000088700000, 0x0000000088700000| Untracked 
| 108|0x0000000088800000, 0x0000000088800000, 0x0000000088900000|  0%| F|  |TAMS 0x0000000088800000, 0x0000000088800000| Untracked 
| 109|0x0000000088900000, 0x0000000088900000, 0x0000000088a00000|  0%| F|  |TAMS 0x0000000088900000, 0x0000000088900000| Untracked 
| 110|0x0000000088a00000, 0x0000000088a00000, 0x0000000088b00000|  0%| F|  |TAMS 0x0000000088a00000, 0x0000000088a00000| Untracked 
| 111|0x0000000088b00000, 0x0000000088b00000, 0x0000000088c00000|  0%| F|  |TAMS 0x0000000088b00000, 0x0000000088b00000| Untracked 
| 112|0x0000000088c00000, 0x0000000088c00000, 0x0000000088d00000|  0%| F|  |TAMS 0x0000000088c00000, 0x0000000088c00000| Untracked 
| 113|0x0000000088d00000, 0x0000000088df8140, 0x0000000088e00000| 96%| E|  |TAMS 0x0000000088d00000, 0x0000000088d00000| Complete 
| 114|0x0000000088e00000, 0x0000000088f00000, 0x0000000088f00000|100%| E|CS|TAMS 0x0000000088e00000, 0x0000000088e00000| Complete 
| 115|0x0000000088f00000, 0x0000000089000000, 0x0000000089000000|100%| E|CS|TAMS 0x0000000088f00000, 0x0000000088f00000| Complete 
| 116|0x0000000089000000, 0x0000000089100000, 0x0000000089100000|100%| E|CS|TAMS 0x0000000089000000, 0x0000000089000000| Complete 
| 117|0x0000000089100000, 0x0000000089200000, 0x0000000089200000|100%| E|CS|TAMS 0x0000000089100000, 0x0000000089100000| Complete 
| 118|0x0000000089200000, 0x0000000089300000, 0x0000000089300000|100%| E|CS|TAMS 0x0000000089200000, 0x0000000089200000| Complete 
| 119|0x0000000089300000, 0x0000000089400000, 0x0000000089400000|100%| E|CS|TAMS 0x0000000089300000, 0x0000000089300000| Complete 
| 120|0x0000000089400000, 0x0000000089500000, 0x0000000089500000|100%| E|CS|TAMS 0x0000000089400000, 0x0000000089400000| Complete 
| 121|0x0000000089500000, 0x0000000089600000, 0x0000000089600000|100%| E|CS|TAMS 0x0000000089500000, 0x0000000089500000| Complete 
| 122|0x0000000089600000, 0x0000000089700000, 0x0000000089700000|100%| E|CS|TAMS 0x0000000089600000, 0x0000000089600000| Complete 
| 123|0x0000000089700000, 0x0000000089800000, 0x0000000089800000|100%| E|CS|TAMS 0x0000000089700000, 0x0000000089700000| Complete 
| 124|0x0000000089800000, 0x0000000089900000, 0x0000000089900000|100%| E|CS|TAMS 0x0000000089800000, 0x0000000089800000| Complete 
| 125|0x0000000089900000, 0x0000000089a00000, 0x0000000089a00000|100%| E|CS|TAMS 0x0000000089900000, 0x0000000089900000| Complete 
| 126|0x0000000089a00000, 0x0000000089b00000, 0x0000000089b00000|100%| E|  |TAMS 0x0000000089a00000, 0x0000000089a00000| Complete 
| 127|0x0000000089b00000, 0x0000000089c00000, 0x0000000089c00000|100%| E|CS|TAMS 0x0000000089b00000, 0x0000000089b00000| Complete 

Card table byte_map: [0x000001aa7c690000,0x000001aa7ca90000] _byte_map_base: 0x000001aa7c282000

Marking Bits (Prev, Next): (CMBitMap*) 0x000001aa64b99488, (CMBitMap*) 0x000001aa64b994c8
 Prev Bits: [0x000001aa7ce90000, 0x000001aa7ee20000)
 Next Bits: [0x000001aa00000000, 0x000001aa01f90000)

Polling page: 0x000001aa62d00000

Metaspace:

Usage:
  Non-class:      6.22 MB capacity,     3.60 MB ( 58%) used,     2.61 MB ( 42%) free+waste,     6.81 KB ( <1%) overhead. 
      Class:    824.00 KB capacity,   515.55 KB ( 63%) used,   304.70 KB ( 37%) free+waste,     3.75 KB ( <1%) overhead. 
       Both:      7.02 MB capacity,     4.10 MB ( 58%) used,     2.91 MB ( 41%) free+waste,    10.56 KB ( <1%) overhead. 

Virtual space:
  Non-class space:        8.00 MB reserved,       6.25 MB ( 78%) committed 
      Class space:        1.00 GB reserved,     896.00 KB ( <1%) committed 
             Both:        1.01 GB reserved,       7.13 MB ( <1%) committed 

Chunk freelists:
   Non-Class:  4.13 KB
       Class:  1.00 KB
        Both:  5.13 KB

CodeHeap 'non-profiled nmethods': size=120000Kb used=243Kb max_used=243Kb free=119757Kb
 bounds [0x000001aa74a30000, 0x000001aa74ca0000, 0x000001aa7bf60000]
CodeHeap 'profiled nmethods': size=120000Kb used=1624Kb max_used=1624Kb free=118375Kb
 bounds [0x000001aa6d500000, 0x000001aa6d770000, 0x000001aa74a30000]
CodeHeap 'non-nmethods': size=5760Kb used=1098Kb max_used=1113Kb free=4661Kb
 bounds [0x000001aa6cf60000, 0x000001aa6d1d0000, 0x000001aa6d500000]
 total_blobs=1408 nmethods=829 adapters=306
 compilation: enabled
              stopped_count=0, restarted_count=0
 full_count=0

Compilation events (10 events):
Event: 0.531 Thread 0x000001aa7f86c000 nmethod 684 0x000001aa6d636110 code [0x000001aa6d6362c0, 0x000001aa6d6364d8]
Event: 0.531 Thread 0x000001aa7f86c000  682       3       java.lang.invoke.MemberName::isStatic (8 bytes)
Event: 0.531 Thread 0x000001aa7f86c000 nmethod 682 0x000001aa6d636590 code [0x000001aa6d636760, 0x000001aa6d636998]
Event: 0.531 Thread 0x000001aa7f86c000  683       3       java.util.ImmutableCollections$ListN::get (7 bytes)
Event: 0.531 Thread 0x000001aa7f86c000 nmethod 683 0x000001aa6d636a90 code [0x000001aa6d636c40, 0x000001aa6d636df8]
Event: 0.531 Thread 0x000001aa7f86c000  687       3       sun.invoke.util.Wrapper::forPrimitiveType (49 bytes)
Event: 0.532 Thread 0x000001aa7f86c000 nmethod 687 0x000001aa6d636e90 code [0x000001aa6d637240, 0x000001aa6d6388b0]
Event: 0.532 Thread 0x000001aa7f86c000  688       3       jdk.internal.org.objectweb.asm.Frame::push (109 bytes)
Event: 0.533 Thread 0x000001aa7f86c000 nmethod 688 0x000001aa6d639110 code [0x000001aa6d639300, 0x000001aa6d639910]
Event: 0.533 Thread 0x000001aa7f86c000  686       3       jdk.internal.org.objectweb.asm.Frame::execute (2305 bytes)

GC Heap History (0 events):
No events

Deoptimization events (4 events):
Event: 0.310 Thread 0x000001aa64b58800 Uncommon trap: reason=unstable_if action=reinterpret pc=0x000001aa74a34b2c method=java.lang.String.hashCode()I @ 14 c2
Event: 0.440 Thread 0x000001aa64b58800 Uncommon trap: reason=unstable_if action=reinterpret pc=0x000001aa74a54e9c method=java.lang.StringUTF16.compress([CI[BII)I @ 20 c2
Event: 0.480 Thread 0x000001aa64b58800 Uncommon trap: reason=unstable_if action=reinterpret pc=0x000001aa74a38ee4 method=java.lang.AbstractStringBuilder.append(C)Ljava/lang/AbstractStringBuilder; @ 21 c2
Event: 0.482 Thread 0x000001aa64b58800 Uncommon trap: reason=unstable_if action=reinterpret pc=0x000001aa74a3ab48 method=java.lang.AbstractStringBuilder.append(C)Ljava/lang/AbstractStringBuilder; @ 21 c2

Classes redefined (0 events):
No events

Internal exceptions (1 events):
Event: 0.413 Thread 0x000001aa64b58800 Exception <a 'java/lang/NoSuchMethodError'{0x00000000896efb58}: java.lang.invoke.DirectMethodHandle$Holder.invokeSpecialIFC(Ljava/lang/Object;Ljava/lang/Object;I)I> (0x00000000896efb58) thrown at [t:/workspace/open/src/hotspot/share/interpreter/linkResolv

Events (10 events):
Event: 0.525 loading class java/lang/invoke/BoundMethodHandle$Species_LLL
Event: 0.525 loading class java/lang/invoke/BoundMethodHandle$Species_LLL done
Event: 0.526 loading class java/lang/invoke/BoundMethodHandle$Species_LLLL
Event: 0.526 loading class java/lang/invoke/BoundMethodHandle$Species_LLLL done
Event: 0.527 loading class java/lang/invoke/BoundMethodHandle$Species_LLLLL
Event: 0.527 loading class java/lang/invoke/BoundMethodHandle$Species_LLLLL done
Event: 0.528 loading class java/lang/invoke/BoundMethodHandle$Species_LLLLLJ
Event: 0.528 loading class java/lang/invoke/BoundMethodHandle$Species_LLLLLJ done
Event: 0.530 loading class java/lang/invoke/BoundMethodHandle$Species_LLLLLJL
Event: 0.530 loading class java/lang/invoke/BoundMethodHandle$Species_LLLLLJL done


Dynamic libraries:
0x00007ff731160000 - 0x00007ff73116f000 	D:\Program Files\Java\jdk-12\bin\java.exe
0x00007ffd71700000 - 0x00007ffd718f0000 	C:\WINDOWS\SYSTEM32\ntdll.dll
0x00007ffd6fdd0000 - 0x00007ffd6fe82000 	C:\WINDOWS\System32\KERNEL32.DLL
0x00007ffd6f180000 - 0x00007ffd6f423000 	C:\WINDOWS\System32\KERNELBASE.dll
0x00007ffd6ef90000 - 0x00007ffd6f08a000 	C:\WINDOWS\System32\ucrtbase.dll
0x00007ffd62d60000 - 0x00007ffd62d78000 	D:\Program Files\Java\jdk-12\bin\jli.dll
0x00007ffd67ad0000 - 0x00007ffd67ae6000 	D:\Program Files\Java\jdk-12\bin\VCRUNTIME140.dll
0x00007ffd71460000 - 0x00007ffd71503000 	C:\WINDOWS\System32\ADVAPI32.dll
0x00007ffd6f780000 - 0x00007ffd6f81e000 	C:\WINDOWS\System32\msvcrt.dll
0x00007ffd71510000 - 0x00007ffd715a7000 	C:\WINDOWS\System32\sechost.dll
0x00007ffd6fcb0000 - 0x00007ffd6fdd0000 	C:\WINDOWS\System32\RPCRT4.dll
0x00007ffd6fe90000 - 0x00007ffd70023000 	C:\WINDOWS\System32\USER32.dll
0x00007ffd5ef20000 - 0x00007ffd5f1a5000 	C:\WINDOWS\WinSxS\amd64_microsoft.windows.common-controls_6595b64144ccf1df_6.0.18362.295_none_e6c3acbd13101292\COMCTL32.dll
0x00007ffd6f090000 - 0x00007ffd6f0b1000 	C:\WINDOWS\System32\win32u.dll
0x00007ffd6f970000 - 0x00007ffd6fca6000 	C:\WINDOWS\System32\combase.dll
0x00007ffd71430000 - 0x00007ffd71456000 	C:\WINDOWS\System32\GDI32.dll
0x00007ffd6f580000 - 0x00007ffd6f714000 	C:\WINDOWS\System32\gdi32full.dll
0x00007ffd6ef10000 - 0x00007ffd6ef90000 	C:\WINDOWS\System32\bcryptPrimitives.dll
0x00007ffd6f0c0000 - 0x00007ffd6f15e000 	C:\WINDOWS\System32\msvcp_win.dll
0x00007ffd623e0000 - 0x00007ffd623ea000 	C:\WINDOWS\SYSTEM32\VERSION.dll
0x00007ffd70c90000 - 0x00007ffd70cbe000 	C:\WINDOWS\System32\IMM32.DLL
0x00007ffd3eba0000 - 0x00007ffd3ec4a000 	D:\Program Files\Java\jdk-12\bin\msvcp140.dll
0x00007ffcfb560000 - 0x00007ffcfc0d4000 	D:\Program Files\Java\jdk-12\bin\server\jvm.dll
0x00007ffd70b30000 - 0x00007ffd70b38000 	C:\WINDOWS\System32\PSAPI.DLL
0x00007ffd6b010000 - 0x00007ffd6b034000 	C:\WINDOWS\SYSTEM32\WINMM.dll
0x00007ffd6ae70000 - 0x00007ffd6ae9d000 	C:\WINDOWS\SYSTEM32\winmmbase.dll
0x00007ffd6e740000 - 0x00007ffd6e78a000 	C:\WINDOWS\System32\cfgmgr32.dll
0x00007ffd5d860000 - 0x00007ffd5d869000 	C:\WINDOWS\SYSTEM32\WSOCK32.dll
0x00007ffd70c20000 - 0x00007ffd70c8f000 	C:\WINDOWS\System32\WS2_32.dll
0x00007ffd6e600000 - 0x00007ffd6e611000 	C:\WINDOWS\System32\kernel.appcore.dll
0x00007ffd45530000 - 0x00007ffd45541000 	D:\Program Files\Java\jdk-12\bin\verify.dll
0x00007ffd5b4c0000 - 0x00007ffd5b6b4000 	C:\WINDOWS\SYSTEM32\DBGHELP.DLL
0x00007ffd5b0e0000 - 0x00007ffd5b10a000 	C:\WINDOWS\SYSTEM32\dbgcore.DLL
0x00007ffd4d150000 - 0x00007ffd4d176000 	D:\Program Files\Java\jdk-12\bin\java.dll
0x00007ffd439c0000 - 0x00007ffd439d7000 	D:\Program Files\Java\jdk-12\bin\zip.dll
0x00007ffd6ada0000 - 0x00007ffd6adaa000 	D:\Program Files\Java\jdk-12\bin\jimage.dll
0x00007ffd70230000 - 0x00007ffd70912000 	C:\WINDOWS\System32\SHELL32.dll
0x00007ffd70920000 - 0x00007ffd709c9000 	C:\WINDOWS\System32\shcore.dll
0x00007ffd6e790000 - 0x00007ffd6ef0c000 	C:\WINDOWS\System32\windows.storage.dll
0x00007ffd6e640000 - 0x00007ffd6e65f000 	C:\WINDOWS\System32\profapi.dll
0x00007ffd6e5b0000 - 0x00007ffd6e5fa000 	C:\WINDOWS\System32\powrprof.dll
0x00007ffd6e5a0000 - 0x00007ffd6e5b0000 	C:\WINDOWS\System32\UMPDC.dll
0x00007ffd71630000 - 0x00007ffd71682000 	C:\WINDOWS\System32\shlwapi.dll
0x00007ffd6f160000 - 0x00007ffd6f177000 	C:\WINDOWS\System32\cryptsp.dll
0x00007ffd67820000 - 0x00007ffd67839000 	D:\Program Files\Java\jdk-12\bin\net.dll
0x00007ffd64150000 - 0x00007ffd64326000 	C:\WINDOWS\SYSTEM32\urlmon.dll
0x00007ffd64650000 - 0x00007ffd64740000 	C:\WINDOWS\SYSTEM32\WINHTTP.dll
0x00007ffd63ea0000 - 0x00007ffd64146000 	C:\WINDOWS\SYSTEM32\iertutil.dll
0x00007ffd6df80000 - 0x00007ffd6df8c000 	C:\WINDOWS\SYSTEM32\CRYPTBASE.DLL
0x00007ffd6ddb0000 - 0x00007ffd6de17000 	C:\WINDOWS\system32\mswsock.dll
0x00007ffd40140000 - 0x00007ffd40153000 	D:\Program Files\Java\jdk-12\bin\nio.dll

dbghelp: loaded successfully - version: 4.0.5 - missing functions: none
symbol engine: initialized successfully - sym options: 0x614 - pdb path: .;D:\Program Files\Java\jdk-12\bin;C:\WINDOWS\SYSTEM32;C:\WINDOWS\WinSxS\amd64_microsoft.windows.common-controls_6595b64144ccf1df_6.0.18362.295_none_e6c3acbd13101292;D:\Program Files\Java\jdk-12\bin\server

VM Arguments:
jvm_args: -Dclassworlds.conf=D:\Program Files\NetBeans-11.1\netbeans\java\maven\bin\m2.conf -Dmaven.home=D:\Program Files\NetBeans-11.1\netbeans\java\maven -Dmaven.multiModuleProjectDirectory=D:\Мои материалы\Каталог\Dropbox\ИСУ\Дисциплины\ООП\2019\Лаб 2\Java\Lab2 
java_command: org.codehaus.plexus.classworlds.launcher.Launcher -Dexec.args=-classpath %classpath com.mycompany.lab2.Lab2 -Dexec.executable=D:\Program Files\Java\jdk-12\bin\java.exe -Dmaven.ext.class.path=D:\Program Files\NetBeans-11.1\netbeans\java\maven-nblib\netbeans-eventspy.jar -Dfile.encoding=UTF-8 org.codehaus.mojo:exec-maven-plugin:1.5.0:exec
java_class_path (initial): D:\Program Files\NetBeans-11.1\netbeans\java\maven\boot\plexus-classworlds-2.5.2.jar
Launcher Type: SUN_STANDARD

[Global flags]
     intx CICompilerCount                          = 4                                         {product} {ergonomic}
     uint ConcGCThreads                            = 2                                         {product} {ergonomic}
     uint G1ConcRefinementThreads                  = 8                                         {product} {ergonomic}
   size_t G1HeapRegionSize                         = 1048576                                   {product} {ergonomic}
    uintx GCDrainStackTargetSize                   = 64                                        {product} {ergonomic}
   size_t InitialHeapSize                          = 134217728                                 {product} {ergonomic}
   size_t MarkStackSize                            = 4194304                                   {product} {ergonomic}
   size_t MaxHeapSize                              = 2118123520                                {product} {ergonomic}
   size_t MaxNewSize                               = 1270874112                                {product} {ergonomic}
   size_t MinHeapDeltaBytes                        = 1048576                                   {product} {ergonomic}
    uintx NonNMethodCodeHeapSize                   = 5836300                                {pd product} {ergonomic}
    uintx NonProfiledCodeHeapSize                  = 122910970                              {pd product} {ergonomic}
    uintx ProfiledCodeHeapSize                     = 122910970                              {pd product} {ergonomic}
    uintx ReservedCodeCacheSize                    = 251658240                              {pd product} {ergonomic}
     bool SegmentedCodeCache                       = true                                      {product} {ergonomic}
     bool UseCompressedClassPointers               = true                                 {lp64_product} {ergonomic}
     bool UseCompressedOops                        = true                                 {lp64_product} {ergonomic}
     bool UseG1GC                                  = true                                      {product} {ergonomic}
     bool UseLargePagesIndividualAllocation        = false                                  {pd product} {ergonomic}

Logging:
Log output configuration:
 #0: stdout all=warning uptime,level,tags
 #1: stderr all=off uptime,level,tags

Environment Variables:
JAVA_HOME=D:\Program Files\Java\jdk-12
PATH=C:\ProgramData\Oracle\Java\javapath;C:\Program Files (x86)\Intel\iCLS Client\;C:\Program Files\Intel\iCLS Client\;C:\WINDOWS\system32;C:\WINDOWS;C:\WINDOWS\System32\Wbem;C:\WINDOWS\System32\WindowsPowerShell\v1.0\;C:\Program Files\Intel\WiFi\bin\;C:\Program Files\Common Files\Intel\WirelessCommon\;C:\Program Files\Aladdin\eToken\PKIClient\x32;C:\Program Files\Aladdin\eToken\PKIClient\x64;C:\Program Files\Intel\Intel(R) Management Engine Components\DAL;C:\Program Files\Intel\Intel(R) Management Engine Components\IPT;C:\Program Files (x86)\Intel\Intel(R) Management Engine Components\DAL;C:\Program Files (x86)\Intel\Intel(R) Management Engine Components\IPT;C:\Program Files (x86)\NVIDIA Corporation\PhysX\Common;C:\WINDOWS\system32;C:\WINDOWS;C:\WINDOWS\System32\Wbem;C:\WINDOWS\System32\WindowsPowerShell\v1.0\;C:\WINDOWS\System32\OpenSSH\;C:\Users\Юрий\AppData\Local\Microsoft\WindowsApps;
USERNAME=Юрий
OS=Windows_NT
PROCESSOR_IDENTIFIER=Intel64 Family 6 Model 58 Stepping 9, GenuineIntel



---------------  S Y S T E M  ---------------

OS: Windows 10 , 64 bit Build 18362 (10.0.18362.86)

CPU:total 8 (initial active 8) (4 cores per cpu, 2 threads per core) family 6 model 58 stepping 9, cmov, cx8, fxsr, mmx, sse, sse2, sse3, ssse3, sse4.1, sse4.2, popcnt, avx, aes, clmul, erms, ht, tsc, tscinvbit, tscinv

Memory: 4k page, system-wide physical 8079M (727M free)
TotalPageFile size 12658M (AvailPageFile size 0M)
current process WorkingSet (physical memory assigned to process): 62M, peak: 62M
current process commit charge ("private bytes"): 218M, peak: 218M

vm_info: Java HotSpot(TM) 64-Bit Server VM (12+33) for windows-amd64 JRE (12+33), built on Feb 21 2019 02:31:50 by "mach5one" with MS VC++ 15.5 (VS2017)

END.
