#
# There is insufficient memory for the Java Runtime Environment to continue.
# Native memory allocation (malloc) failed to allocate 2097152 bytes for AllocateHeap
# Possible reasons:
#   The system is out of physical RAM or swap space
#   The process is running with CompressedOops enabled, and the Java Heap may be blocking the growth of the native heap
# Possible solutions:
#   Reduce memory load on the system
#   Increase physical memory or swap space
#   Check if swap backing store is full
#   Decrease Java heap size (-Xmx/-Xms)
#   Decrease number of Java threads
#   Decrease Java thread stack sizes (-Xss)
#   Set larger code cache with -XX:ReservedCodeCacheSize=
#   JVM is running with Unscaled Compressed Oops mode in which the Java heap is
#     placed in the first 4GB address space. The Java Heap base address is the
#     maximum limit for the native heap growth. Please use -XX:HeapBaseMinAddress
#     to set the Java Heap base and to place the Java Heap above 4GB virtual address.
# This output file may be truncated or incomplete.
#
#  Out of Memory Error (t:/workspace/open/src/hotspot/share/memory/allocation.cpp:46), pid=25412, tid=17032
#
# JRE version: Java(TM) SE Runtime Environment (12.0+33) (build 12+33)
# Java VM: Java HotSpot(TM) 64-Bit Server VM (12+33, mixed mode, sharing, tiered, compressed oops, g1 gc, windows-amd64)
# No core dump will be written. Minidumps are not enabled by default on client versions of Windows
#

---------------  S U M M A R Y ------------

Command Line: -Dclassworlds.conf=D:\Program Files\NetBeans-11.1\netbeans\java\maven\bin\m2.conf -Dmaven.home=D:\Program Files\NetBeans-11.1\netbeans\java\maven -Dmaven.multiModuleProjectDirectory=D:\Мои материалы\Каталог\Dropbox\ИСУ\Дисциплины\ООП\2019\Лаб 2\Java\Lab2 org.codehaus.plexus.classworlds.launcher.Launcher -Dexec.args=-classpath %classpath com.mycompany.lab2.Lab2 -Dexec.executable=D:\Program Files\Java\jdk-12\bin\java.exe -Dmaven.ext.class.path=D:\Program Files\NetBeans-11.1\netbeans\java\maven-nblib\netbeans-eventspy.jar -Dfile.encoding=UTF-8 org.codehaus.mojo:exec-maven-plugin:1.5.0:exec

Host: Intel(R) Core(TM) i7-3630QM CPU @ 2.40GHz, 8 cores, 7G,  Windows 10 , 64 bit Build 18362 (10.0.18362.86)
Time: Wed Sep 11 12:09:43 2019 RTZ 6 (ceia) elapsed time: 8 seconds (0d 0h 0m 8s)

---------------  T H R E A D  ---------------

Current thread (0x000001d9da2df800):  VMThread "VM Thread" [stack: 0x0000005bd0b00000,0x0000005bd0c00000] [id=17032]

Stack: [0x0000005bd0b00000,0x0000005bd0c00000]
[error occurred during error reporting (printing stack bounds), id 0xc0000005, EXCEPTION_ACCESS_VIOLATION (0xc0000005) at pc=0x000001d9c32a0bad]

Native frames: (J=compiled Java code, j=interpreted, Vv=VM code, C=native code)
V  [jvm.dll+0x63948a]
V  [jvm.dll+0x78b31f]
V  [jvm.dll+0x78c9c1]
V  [jvm.dll+0x78cf75]
V  [jvm.dll+0x78cf2b]
V  [jvm.dll+0x638b84]
V  [jvm.dll+0x638f58]
C  [ntdll.dll+0xa119f]
C  [ntdll.dll+0x6a229]
C  [ntdll.dll+0x9fe0e]
C  0x000001d9c32a0bad

VM_Operation (0x0000005bd05fdf80): G1CollectFull, mode: safepoint, requested by thread 0x000001d9b9678800


---------------  P R O C E S S  ---------------

Threads class SMR info:
_java_thread_list=0x000001d9db18a750, length=10, elements={
0x000001d9b9678800, 0x000001d9da2e1800, 0x000001d9da2e3800, 0x000001d9da2ff800,
0x000001d9da301000, 0x000001d9da303000, 0x000001d9da313000, 0x000001d9da315000,
0x000001d9dad64800, 0x000001d9dad6a000
}

Java Threads: ( => current thread )
  0x000001d9b9678800 JavaThread "main" [_thread_blocked, id=4448, stack(0x0000005bd0500000,0x0000005bd0600000)]
  0x000001d9da2e1800 JavaThread "Reference Handler" daemon [_thread_blocked, id=7148, stack(0x0000005bd0c00000,0x0000005bd0d00000)]
  0x000001d9da2e3800 JavaThread "Finalizer" daemon [_thread_blocked, id=27044, stack(0x0000005bd0d00000,0x0000005bd0e00000)]
  0x000001d9da2ff800 JavaThread "Signal Dispatcher" daemon [_thread_blocked, id=27156, stack(0x0000005bd0e00000,0x0000005bd0f00000)]
  0x000001d9da301000 JavaThread "Attach Listener" daemon [_thread_blocked, id=25444, stack(0x0000005bd0f00000,0x0000005bd1000000)]
  0x000001d9da303000 JavaThread "C2 CompilerThread0" daemon [_thread_blocked, id=5676, stack(0x0000005bd1000000,0x0000005bd1100000)]
  0x000001d9da313000 JavaThread "C1 CompilerThread0" daemon [_thread_blocked, id=19372, stack(0x0000005bd1100000,0x0000005bd1200000)]
  0x000001d9da315000 JavaThread "Sweeper thread" daemon [_thread_blocked, id=27088, stack(0x0000005bd1200000,0x0000005bd1300000)]
  0x000001d9dad64800 JavaThread "Service Thread" daemon [_thread_blocked, id=26376, stack(0x0000005bd1300000,0x0000005bd1400000)]
  0x000001d9dad6a000 JavaThread "Common-Cleaner" daemon [_thread_blocked, id=28508, stack(0x0000005bd1500000,0x0000005bd1600000)]

Other Threads:
=>0x000001d9da2df800 VMThread "VM Thread" [stack: 0x0000005bd0b00000,0x0000005bd0c00000] [id=17032]
  0x000001d9dad74000 WatcherThread [stack: 0x0000005bd1400000,0x0000005bd1500000] [id=28328]
  0x000001d9b96b7000 GCTaskThread "GC Thread#0" [stack: 0x0000005bd0600000,0x0000005bd0700000] [id=26648]
  0x000001d9db661800 GCTaskThread "GC Thread#1" [stack: 0x0000005bd1700000,0x0000005bd1800000] [id=19152]
  0x000001d9db31b000 GCTaskThread "GC Thread#2" [stack: 0x0000005bd1800000,0x0000005bd1900000] [id=18020]
  0x000001d9b96c5000 ConcurrentGCThread "G1 Main Marker" [stack: 0x0000005bd0700000,0x0000005bd0800000] [id=7732]
  0x000001d9b96c7800 ConcurrentGCThread "G1 Conc#0" [stack: 0x0000005bd0800000,0x0000005bd0900000] [id=11936]
  0x000001d9da160800 ConcurrentGCThread "G1 Refine#0" [stack: 0x0000005bd0900000,0x0000005bd0a00000] [id=25660]
  0x000001d9da161000 ConcurrentGCThread "G1 Young RemSet Sampling" [stack: 0x0000005bd0a00000,0x0000005bd0b00000] [id=11188]

Threads with active compile tasks:
C2 CompilerThread0  2927  s    4       java.lang.StringBuffer::append (13 bytes)
C1 CompilerThread0  2929       3       org.netbeans.modules.maven.event.NbEventSpy::onEvent (1102 bytes)

VM state:at safepoint (normal execution)

VM Mutex/Monitor currently owned by a thread:  ([mutex/lock_event])
[0x000001d9b96748a0] Threads_lock - owner thread: 0x000001d9da2df800
[0x000001d9b9674f60] Heap_lock - owner thread: 0x000001d9b9678800

Heap address: 0x0000000081c00000, size: 2020 MB, Compressed Oops mode: 32-bit
Narrow klass base: 0x0000000800000000, Narrow klass shift: 3
Compressed class space size: 1073741824 Address: 0x00000008011a0000

Heap:
 garbage-first heap   total 131072K, used 7395K [0x0000000081c00000, 0x0000000100000000)
  region size 1024K, 8 young (8192K), 7 survivors (7168K)
 Metaspace       used 13568K, capacity 15111K, committed 15232K, reserved 1062912K
  class space    used 1597K, capacity 1812K, committed 1920K, reserved 1048576K
Heap Regions: E=young(eden), S=young(survivor), O=old, HS=humongous(starts), HC=humongous(continues), CS=collection set, F=free, A=archive, TAMS=top-at-mark-start (previous, next)
|   0|0x0000000081c00000, 0x0000000081c45400, 0x0000000081d00000| 27%| O|  |TAMS 0x0000000081c00000, 0x0000000081c00000| Untracked 
|   1|0x0000000081d00000, 0x0000000081d00000, 0x0000000081e00000|  0%| F|  |TAMS 0x0000000081d00000, 0x0000000081d00000| Untracked 
|   2|0x0000000081e00000, 0x0000000081e00000, 0x0000000081f00000|  0%| F|  |TAMS 0x0000000081e00000, 0x0000000081e00000| Untracked 
|   3|0x0000000081f00000, 0x0000000081f00000, 0x0000000082000000|  0%| F|  |TAMS 0x0000000081f00000, 0x0000000081f00000| Untracked 
|   4|0x0000000082000000, 0x0000000082000000, 0x0000000082100000|  0%| F|  |TAMS 0x0000000082000000, 0x0000000082000000| Untracked 
|   5|0x0000000082100000, 0x0000000082100000, 0x0000000082200000|  0%| F|  |TAMS 0x0000000082100000, 0x0000000082100000| Untracked 
|   6|0x0000000082200000, 0x0000000082200000, 0x0000000082300000|  0%| F|  |TAMS 0x0000000082200000, 0x0000000082200000| Untracked 
|   7|0x0000000082300000, 0x0000000082300000, 0x0000000082400000|  0%| F|  |TAMS 0x0000000082300000, 0x0000000082300000| Untracked 
|   8|0x0000000082400000, 0x0000000082400000, 0x0000000082500000|  0%| F|  |TAMS 0x0000000082400000, 0x0000000082400000| Untracked 
|   9|0x0000000082500000, 0x0000000082500000, 0x0000000082600000|  0%| F|  |TAMS 0x0000000082500000, 0x0000000082500000| Untracked 
|  10|0x0000000082600000, 0x0000000082600000, 0x0000000082700000|  0%| F|  |TAMS 0x0000000082600000, 0x0000000082600000| Untracked 
|  11|0x0000000082700000, 0x0000000082700000, 0x0000000082800000|  0%| F|  |TAMS 0x0000000082700000, 0x0000000082700000| Untracked 
|  12|0x0000000082800000, 0x0000000082800000, 0x0000000082900000|  0%| F|  |TAMS 0x0000000082800000, 0x0000000082800000| Untracked 
|  13|0x0000000082900000, 0x0000000082900000, 0x0000000082a00000|  0%| F|  |TAMS 0x0000000082900000, 0x0000000082900000| Untracked 
|  14|0x0000000082a00000, 0x0000000082a00000, 0x0000000082b00000|  0%| F|  |TAMS 0x0000000082a00000, 0x0000000082a00000| Untracked 
|  15|0x0000000082b00000, 0x0000000082b00000, 0x0000000082c00000|  0%| F|  |TAMS 0x0000000082b00000, 0x0000000082b00000| Untracked 
|  16|0x0000000082c00000, 0x0000000082c00000, 0x0000000082d00000|  0%| F|  |TAMS 0x0000000082c00000, 0x0000000082c00000| Untracked 
|  17|0x0000000082d00000, 0x0000000082d00000, 0x0000000082e00000|  0%| F|  |TAMS 0x0000000082d00000, 0x0000000082d00000| Untracked 
|  18|0x0000000082e00000, 0x0000000082e00000, 0x0000000082f00000|  0%| F|  |TAMS 0x0000000082e00000, 0x0000000082e00000| Untracked 
|  19|0x0000000082f00000, 0x0000000082f00000, 0x0000000083000000|  0%| F|  |TAMS 0x0000000082f00000, 0x0000000082f00000| Untracked 
|  20|0x0000000083000000, 0x0000000083000000, 0x0000000083100000|  0%| F|  |TAMS 0x0000000083000000, 0x0000000083000000| Untracked 
|  21|0x0000000083100000, 0x0000000083100000, 0x0000000083200000|  0%| F|  |TAMS 0x0000000083100000, 0x0000000083100000| Untracked 
|  22|0x0000000083200000, 0x0000000083200000, 0x0000000083300000|  0%| F|  |TAMS 0x0000000083200000, 0x0000000083200000| Untracked 
|  23|0x0000000083300000, 0x0000000083300000, 0x0000000083400000|  0%| F|  |TAMS 0x0000000083300000, 0x0000000083300000| Untracked 
|  24|0x0000000083400000, 0x0000000083400000, 0x0000000083500000|  0%| F|  |TAMS 0x0000000083400000, 0x0000000083400000| Untracked 
|  25|0x0000000083500000, 0x0000000083500000, 0x0000000083600000|  0%| F|  |TAMS 0x0000000083500000, 0x0000000083500000| Untracked 
|  26|0x0000000083600000, 0x0000000083600000, 0x0000000083700000|  0%| F|  |TAMS 0x0000000083600000, 0x0000000083600000| Untracked 
|  27|0x0000000083700000, 0x0000000083700000, 0x0000000083800000|  0%| F|  |TAMS 0x0000000083700000, 0x0000000083700000| Untracked 
|  28|0x0000000083800000, 0x0000000083800000, 0x0000000083900000|  0%| F|  |TAMS 0x0000000083800000, 0x0000000083800000| Untracked 
|  29|0x0000000083900000, 0x0000000083900000, 0x0000000083a00000|  0%| F|  |TAMS 0x0000000083900000, 0x0000000083900000| Untracked 
|  30|0x0000000083a00000, 0x0000000083a00000, 0x0000000083b00000|  0%| F|  |TAMS 0x0000000083a00000, 0x0000000083a00000| Untracked 
|  31|0x0000000083b00000, 0x0000000083b00000, 0x0000000083c00000|  0%| F|  |TAMS 0x0000000083b00000, 0x0000000083b00000| Untracked 
|  32|0x0000000083c00000, 0x0000000083c00000, 0x0000000083d00000|  0%| F|  |TAMS 0x0000000083c00000, 0x0000000083c00000| Untracked 
|  33|0x0000000083d00000, 0x0000000083d00000, 0x0000000083e00000|  0%| F|  |TAMS 0x0000000083d00000, 0x0000000083d00000| Untracked 
|  34|0x0000000083e00000, 0x0000000083e00000, 0x0000000083f00000|  0%| F|  |TAMS 0x0000000083e00000, 0x0000000083e00000| Untracked 
|  35|0x0000000083f00000, 0x0000000083f00000, 0x0000000084000000|  0%| F|  |TAMS 0x0000000083f00000, 0x0000000083f00000| Untracked 
|  36|0x0000000084000000, 0x0000000084000000, 0x0000000084100000|  0%| F|  |TAMS 0x0000000084000000, 0x0000000084000000| Untracked 
|  37|0x0000000084100000, 0x0000000084100000, 0x0000000084200000|  0%| F|  |TAMS 0x0000000084100000, 0x0000000084100000| Untracked 
|  38|0x0000000084200000, 0x0000000084200000, 0x0000000084300000|  0%| F|  |TAMS 0x0000000084200000, 0x0000000084200000| Untracked 
|  39|0x0000000084300000, 0x0000000084300000, 0x0000000084400000|  0%| F|  |TAMS 0x0000000084300000, 0x0000000084300000| Untracked 
|  40|0x0000000084400000, 0x0000000084400000, 0x0000000084500000|  0%| F|  |TAMS 0x0000000084400000, 0x0000000084400000| Untracked 
|  41|0x0000000084500000, 0x0000000084500000, 0x0000000084600000|  0%| F|  |TAMS 0x0000000084500000, 0x0000000084500000| Untracked 
|  42|0x0000000084600000, 0x0000000084600000, 0x0000000084700000|  0%| F|  |TAMS 0x0000000084600000, 0x0000000084600000| Untracked 
|  43|0x0000000084700000, 0x0000000084700000, 0x0000000084800000|  0%| F|  |TAMS 0x0000000084700000, 0x0000000084700000| Untracked 
|  44|0x0000000084800000, 0x0000000084800000, 0x0000000084900000|  0%| F|  |TAMS 0x0000000084800000, 0x0000000084800000| Untracked 
|  45|0x0000000084900000, 0x00000000849f3828, 0x0000000084a00000| 95%| S|CS|TAMS 0x0000000084900000, 0x0000000084900000| Complete 
|  46|0x0000000084a00000, 0x0000000084b00000, 0x0000000084b00000|100%| S|CS|TAMS 0x0000000084a00000, 0x0000000084a00000| Complete 
|  47|0x0000000084b00000, 0x0000000084c00000, 0x0000000084c00000|100%| S|CS|TAMS 0x0000000084b00000, 0x0000000084b00000| Complete 
|  48|0x0000000084c00000, 0x0000000084d00000, 0x0000000084d00000|100%| S|CS|TAMS 0x0000000084c00000, 0x0000000084c00000| Complete 
|  49|0x0000000084d00000, 0x0000000084e00000, 0x0000000084e00000|100%| S|CS|TAMS 0x0000000084d00000, 0x0000000084d00000| Complete 
|  50|0x0000000084e00000, 0x0000000084f00000, 0x0000000084f00000|100%| S|CS|TAMS 0x0000000084e00000, 0x0000000084e00000| Complete 
|  51|0x0000000084f00000, 0x0000000085000000, 0x0000000085000000|100%| S|CS|TAMS 0x0000000084f00000, 0x0000000084f00000| Complete 
|  52|0x0000000085000000, 0x0000000085000000, 0x0000000085100000|  0%| F|  |TAMS 0x0000000085000000, 0x0000000085000000| Untracked 
|  53|0x0000000085100000, 0x0000000085100000, 0x0000000085200000|  0%| F|  |TAMS 0x0000000085100000, 0x0000000085100000| Untracked 
|  54|0x0000000085200000, 0x0000000085200000, 0x0000000085300000|  0%| F|  |TAMS 0x0000000085200000, 0x0000000085200000| Untracked 
|  55|0x0000000085300000, 0x0000000085300000, 0x0000000085400000|  0%| F|  |TAMS 0x0000000085300000, 0x0000000085300000| Untracked 
|  56|0x0000000085400000, 0x0000000085400000, 0x0000000085500000|  0%| F|  |TAMS 0x0000000085400000, 0x0000000085400000| Untracked 
|  57|0x0000000085500000, 0x0000000085500000, 0x0000000085600000|  0%| F|  |TAMS 0x0000000085500000, 0x0000000085500000| Untracked 
|  58|0x0000000085600000, 0x0000000085600000, 0x0000000085700000|  0%| F|  |TAMS 0x0000000085600000, 0x0000000085600000| Untracked 
|  59|0x0000000085700000, 0x0000000085700000, 0x0000000085800000|  0%| F|  |TAMS 0x0000000085700000, 0x0000000085700000| Untracked 
|  60|0x0000000085800000, 0x0000000085800000, 0x0000000085900000|  0%| F|  |TAMS 0x0000000085800000, 0x0000000085800000| Untracked 
|  61|0x0000000085900000, 0x0000000085900000, 0x0000000085a00000|  0%| F|  |TAMS 0x0000000085900000, 0x0000000085900000| Untracked 
|  62|0x0000000085a00000, 0x0000000085a00000, 0x0000000085b00000|  0%| F|  |TAMS 0x0000000085a00000, 0x0000000085a00000| Untracked 
|  63|0x0000000085b00000, 0x0000000085b00000, 0x0000000085c00000|  0%| F|  |TAMS 0x0000000085b00000, 0x0000000085b00000| Untracked 
|  64|0x0000000085c00000, 0x0000000085c00000, 0x0000000085d00000|  0%| F|  |TAMS 0x0000000085c00000, 0x0000000085c00000| Untracked 
|  65|0x0000000085d00000, 0x0000000085d00000, 0x0000000085e00000|  0%| F|  |TAMS 0x0000000085d00000, 0x0000000085d00000| Untracked 
|  66|0x0000000085e00000, 0x0000000085e00000, 0x0000000085f00000|  0%| F|  |TAMS 0x0000000085e00000, 0x0000000085e00000| Untracked 
|  67|0x0000000085f00000, 0x0000000085f00000, 0x0000000086000000|  0%| F|  |TAMS 0x0000000085f00000, 0x0000000085f00000| Untracked 
|  68|0x0000000086000000, 0x0000000086000000, 0x0000000086100000|  0%| F|  |TAMS 0x0000000086000000, 0x0000000086000000| Untracked 
|  69|0x0000000086100000, 0x0000000086100000, 0x0000000086200000|  0%| F|  |TAMS 0x0000000086100000, 0x0000000086100000| Untracked 
|  70|0x0000000086200000, 0x0000000086200000, 0x0000000086300000|  0%| F|  |TAMS 0x0000000086200000, 0x0000000086200000| Untracked 
|  71|0x0000000086300000, 0x0000000086300000, 0x0000000086400000|  0%| F|  |TAMS 0x0000000086300000, 0x0000000086300000| Untracked 
|  72|0x0000000086400000, 0x0000000086400000, 0x0000000086500000|  0%| F|  |TAMS 0x0000000086400000, 0x0000000086400000| Untracked 
|  73|0x0000000086500000, 0x0000000086500000, 0x0000000086600000|  0%| F|  |TAMS 0x0000000086500000, 0x0000000086500000| Untracked 
|  74|0x0000000086600000, 0x0000000086600000, 0x0000000086700000|  0%| F|  |TAMS 0x0000000086600000, 0x0000000086600000| Untracked 
|  75|0x0000000086700000, 0x0000000086700000, 0x0000000086800000|  0%| F|  |TAMS 0x0000000086700000, 0x0000000086700000| Untracked 
|  76|0x0000000086800000, 0x0000000086800000, 0x0000000086900000|  0%| F|  |TAMS 0x0000000086800000, 0x0000000086800000| Untracked 
|  77|0x0000000086900000, 0x0000000086900000, 0x0000000086a00000|  0%| F|  |TAMS 0x0000000086900000, 0x0000000086900000| Untracked 
|  78|0x0000000086a00000, 0x0000000086a00000, 0x0000000086b00000|  0%| F|  |TAMS 0x0000000086a00000, 0x0000000086a00000| Untracked 
|  79|0x0000000086b00000, 0x0000000086b00000, 0x0000000086c00000|  0%| F|  |TAMS 0x0000000086b00000, 0x0000000086b00000| Untracked 
|  80|0x0000000086c00000, 0x0000000086c00000, 0x0000000086d00000|  0%| F|  |TAMS 0x0000000086c00000, 0x0000000086c00000| Untracked 
|  81|0x0000000086d00000, 0x0000000086d00000, 0x0000000086e00000|  0%| F|  |TAMS 0x0000000086d00000, 0x0000000086d00000| Untracked 
|  82|0x0000000086e00000, 0x0000000086e00000, 0x0000000086f00000|  0%| F|  |TAMS 0x0000000086e00000, 0x0000000086e00000| Untracked 
|  83|0x0000000086f00000, 0x0000000086f00000, 0x0000000087000000|  0%| F|  |TAMS 0x0000000086f00000, 0x0000000086f00000| Untracked 
|  84|0x0000000087000000, 0x0000000087000000, 0x0000000087100000|  0%| F|  |TAMS 0x0000000087000000, 0x0000000087000000| Untracked 
|  85|0x0000000087100000, 0x0000000087100000, 0x0000000087200000|  0%| F|  |TAMS 0x0000000087100000, 0x0000000087100000| Untracked 
|  86|0x0000000087200000, 0x0000000087200000, 0x0000000087300000|  0%| F|  |TAMS 0x0000000087200000, 0x0000000087200000| Untracked 
|  87|0x0000000087300000, 0x0000000087300000, 0x0000000087400000|  0%| F|  |TAMS 0x0000000087300000, 0x0000000087300000| Untracked 
|  88|0x0000000087400000, 0x0000000087400000, 0x0000000087500000|  0%| F|  |TAMS 0x0000000087400000, 0x0000000087400000| Untracked 
|  89|0x0000000087500000, 0x0000000087500000, 0x0000000087600000|  0%| F|  |TAMS 0x0000000087500000, 0x0000000087500000| Untracked 
|  90|0x0000000087600000, 0x0000000087600000, 0x0000000087700000|  0%| F|  |TAMS 0x0000000087600000, 0x0000000087600000| Untracked 
|  91|0x0000000087700000, 0x0000000087700000, 0x0000000087800000|  0%| F|  |TAMS 0x0000000087700000, 0x0000000087700000| Untracked 
|  92|0x0000000087800000, 0x0000000087800000, 0x0000000087900000|  0%| F|  |TAMS 0x0000000087800000, 0x0000000087800000| Untracked 
|  93|0x0000000087900000, 0x0000000087900000, 0x0000000087a00000|  0%| F|  |TAMS 0x0000000087900000, 0x0000000087900000| Untracked 
|  94|0x0000000087a00000, 0x0000000087a00000, 0x0000000087b00000|  0%| F|  |TAMS 0x0000000087a00000, 0x0000000087a00000| Untracked 
|  95|0x0000000087b00000, 0x0000000087b00000, 0x0000000087c00000|  0%| F|  |TAMS 0x0000000087b00000, 0x0000000087b00000| Untracked 
|  96|0x0000000087c00000, 0x0000000087c00000, 0x0000000087d00000|  0%| F|  |TAMS 0x0000000087c00000, 0x0000000087c00000| Untracked 
|  97|0x0000000087d00000, 0x0000000087d00000, 0x0000000087e00000|  0%| F|  |TAMS 0x0000000087d00000, 0x0000000087d00000| Untracked 
|  98|0x0000000087e00000, 0x0000000087e00000, 0x0000000087f00000|  0%| F|  |TAMS 0x0000000087e00000, 0x0000000087e00000| Untracked 
|  99|0x0000000087f00000, 0x0000000087f00000, 0x0000000088000000|  0%| F|  |TAMS 0x0000000087f00000, 0x0000000087f00000| Untracked 
| 100|0x0000000088000000, 0x0000000088000000, 0x0000000088100000|  0%| F|  |TAMS 0x0000000088000000, 0x0000000088000000| Untracked 
| 101|0x0000000088100000, 0x0000000088100000, 0x0000000088200000|  0%| F|  |TAMS 0x0000000088100000, 0x0000000088100000| Untracked 
| 102|0x0000000088200000, 0x0000000088200000, 0x0000000088300000|  0%| F|  |TAMS 0x0000000088200000, 0x0000000088200000| Untracked 
| 103|0x0000000088300000, 0x0000000088300000, 0x0000000088400000|  0%| F|  |TAMS 0x0000000088300000, 0x0000000088300000| Untracked 
| 104|0x0000000088400000, 0x0000000088400000, 0x0000000088500000|  0%| F|  |TAMS 0x0000000088400000, 0x0000000088400000| Untracked 
| 105|0x0000000088500000, 0x0000000088500000, 0x0000000088600000|  0%| F|  |TAMS 0x0000000088500000, 0x0000000088500000| Untracked 
| 106|0x0000000088600000, 0x0000000088600000, 0x0000000088700000|  0%| F|  |TAMS 0x0000000088600000, 0x0000000088600000| Untracked 
| 107|0x0000000088700000, 0x0000000088700000, 0x0000000088800000|  0%| F|  |TAMS 0x0000000088700000, 0x0000000088700000| Untracked 
| 108|0x0000000088800000, 0x0000000088800000, 0x0000000088900000|  0%| F|  |TAMS 0x0000000088800000, 0x0000000088800000| Untracked 
| 109|0x0000000088900000, 0x0000000088900000, 0x0000000088a00000|  0%| F|  |TAMS 0x0000000088900000, 0x0000000088900000| Untracked 
| 110|0x0000000088a00000, 0x0000000088a00000, 0x0000000088b00000|  0%| F|  |TAMS 0x0000000088a00000, 0x0000000088a00000| Untracked 
| 111|0x0000000088b00000, 0x0000000088b00000, 0x0000000088c00000|  0%| F|  |TAMS 0x0000000088b00000, 0x0000000088b00000| Untracked 
| 112|0x0000000088c00000, 0x0000000088c00000, 0x0000000088d00000|  0%| F|  |TAMS 0x0000000088c00000, 0x0000000088c00000| Untracked 
| 113|0x0000000088d00000, 0x0000000088d00000, 0x0000000088e00000|  0%| F|  |TAMS 0x0000000088d00000, 0x0000000088d00000| Untracked 
| 114|0x0000000088e00000, 0x0000000088e00000, 0x0000000088f00000|  0%| F|  |TAMS 0x0000000088e00000, 0x0000000088e00000| Untracked 
| 115|0x0000000088f00000, 0x0000000088f00000, 0x0000000089000000|  0%| F|  |TAMS 0x0000000088f00000, 0x0000000088f00000| Untracked 
| 116|0x0000000089000000, 0x0000000089000000, 0x0000000089100000|  0%| F|  |TAMS 0x0000000089000000, 0x0000000089000000| Untracked 
| 117|0x0000000089100000, 0x0000000089100000, 0x0000000089200000|  0%| F|  |TAMS 0x0000000089100000, 0x0000000089100000| Untracked 
| 118|0x0000000089200000, 0x0000000089200000, 0x0000000089300000|  0%| F|  |TAMS 0x0000000089200000, 0x0000000089200000| Untracked 
| 119|0x0000000089300000, 0x0000000089300000, 0x0000000089400000|  0%| F|  |TAMS 0x0000000089300000, 0x0000000089300000| Untracked 
| 120|0x0000000089400000, 0x0000000089400000, 0x0000000089500000|  0%| F|  |TAMS 0x0000000089400000, 0x0000000089400000| Untracked 
| 121|0x0000000089500000, 0x0000000089500000, 0x0000000089600000|  0%| F|  |TAMS 0x0000000089500000, 0x0000000089500000| Untracked 
| 122|0x0000000089600000, 0x0000000089600000, 0x0000000089700000|  0%| F|  |TAMS 0x0000000089600000, 0x0000000089600000| Untracked 
| 123|0x0000000089700000, 0x0000000089700000, 0x0000000089800000|  0%| F|  |TAMS 0x0000000089700000, 0x0000000089700000| Untracked 
| 124|0x0000000089800000, 0x0000000089800000, 0x0000000089900000|  0%| F|  |TAMS 0x0000000089800000, 0x0000000089800000| Untracked 
| 125|0x0000000089900000, 0x0000000089900000, 0x0000000089a00000|  0%| F|  |TAMS 0x0000000089900000, 0x0000000089900000| Untracked 
| 126|0x0000000089a00000, 0x0000000089a00000, 0x0000000089b00000|  0%| F|  |TAMS 0x0000000089a00000, 0x0000000089a00000| Untracked 
| 127|0x0000000089b00000, 0x0000000089c00000, 0x0000000089c00000|100%| E|  |TAMS 0x0000000089b00000, 0x0000000089b00000| Complete 

Card table byte_map: [0x000001d9d3100000,0x000001d9d3500000] _byte_map_base: 0x000001d9d2cf2000

Marking Bits (Prev, Next): (CMBitMap*) 0x000001d9b96b8318, (CMBitMap*) 0x000001d9b96b8358
 Prev Bits: [0x000001d9d3900000, 0x000001d9d5890000)
 Next Bits: [0x000001d9d5890000, 0x000001d9d7820000)

Polling page: 0x000001d9b9750000

Metaspace:

Usage:
  Non-class:     12.99 MB capacity,    11.69 MB ( 90%) used,     1.28 MB ( 10%) free+waste,    18.38 KB ( <1%) overhead. 
      Class:      1.77 MB capacity,     1.56 MB ( 88%) used,   205.78 KB ( 11%) free+waste,     8.63 KB ( <1%) overhead. 
       Both:     14.76 MB capacity,    13.25 MB ( 90%) used,     1.48 MB ( 10%) free+waste,    27.00 KB ( <1%) overhead. 

Virtual space:
  Non-class space:       14.00 MB reserved,      13.00 MB ( 93%) committed 
      Class space:        1.00 GB reserved,       1.88 MB ( <1%) committed 
             Both:        1.01 GB reserved,      14.88 MB (  1%) committed 

Chunk freelists:
   Non-Class:  1.63 KB
       Class:  1.50 KB
        Both:  3.13 KB

CodeHeap 'non-profiled nmethods': size=120000Kb used=1377Kb max_used=1377Kb free=118623Kb
 bounds [0x000001d9cad70000, 0x000001d9cafe0000, 0x000001d9d22a0000]
CodeHeap 'profiled nmethods': size=120000Kb used=6291Kb max_used=6291Kb free=113708Kb
 bounds [0x000001d9c3840000, 0x000001d9c3e70000, 0x000001d9cad70000]
CodeHeap 'non-nmethods': size=5760Kb used=1122Kb max_used=1168Kb free=4637Kb
 bounds [0x000001d9c32a0000, 0x000001d9c3510000, 0x000001d9c3840000]
 total_blobs=4035 nmethods=2927 adapters=342
 compilation: enabled
              stopped_count=0, restarted_count=0
 full_count=0

Compilation events (10 events):
Event: 8.264 Thread 0x000001d9da303000 2924       4       sun.nio.cs.SingleByte$Encoder::encode (32 bytes)
Event: 8.264 Thread 0x000001d9da313000 2925       3       java.nio.ByteBuffer::clear (7 bytes)
Event: 8.265 Thread 0x000001d9da313000 nmethod 2925 0x000001d9c3e63d10 code [0x000001d9c3e63ec0, 0x000001d9c3e640b8]
Event: 8.266 Thread 0x000001d9da303000 nmethod 2924 0x000001d9caec7d10 code [0x000001d9caec7ec0, 0x000001d9caec7fd8]
Event: 8.266 Thread 0x000001d9da303000 2926       4       java.lang.String::valueOf (14 bytes)
Event: 8.267 Thread 0x000001d9da303000 nmethod 2926 0x000001d9caec8110 code [0x000001d9caec82c0, 0x000001d9caec8338]
Event: 8.295 Thread 0x000001d9da303000 2927  s    4       java.lang.StringBuffer::append (13 bytes)
Event: 8.295 Thread 0x000001d9da313000 2928   !   3       org.apache.maven.eventspy.internal.EventSpyDispatcher::onEvent (67 bytes)
Event: 8.296 Thread 0x000001d9da313000 nmethod 2928 0x000001d9c3e64190 code [0x000001d9c3e643c0, 0x000001d9c3e64c20]
Event: 8.296 Thread 0x000001d9da313000 2929       3       org.netbeans.modules.maven.event.NbEventSpy::onEvent (1102 bytes)

GC Heap History (4 events):
Event: 0.631 GC heap before
{Heap before GC invocations=0 (full 0):
 garbage-first heap   total 131072K, used 23552K [0x0000000081c00000, 0x0000000100000000)
  region size 1024K, 24 young (24576K), 0 survivors (0K)
 Metaspace       used 4750K, capacity 7575K, committed 7808K, reserved 1056768K
  class space    used 598K, capacity 888K, committed 896K, reserved 1048576K
}
Event: 0.638 GC heap after
{Heap after GC invocations=1 (full 0):
 garbage-first heap   total 131072K, used 3349K [0x0000000081c00000, 0x0000000100000000)
  region size 1024K, 3 young (3072K), 3 survivors (3072K)
 Metaspace       used 4750K, capacity 7575K, committed 7808K, reserved 1056768K
  class space    used 598K, capacity 888K, committed 896K, reserved 1048576K
}
Event: 8.052 GC heap before
{Heap before GC invocations=1 (full 0):
 garbage-first heap   total 131072K, used 78101K [0x0000000081c00000, 0x0000000100000000)
  region size 1024K, 76 young (77824K), 3 survivors (3072K)
 Metaspace       used 13534K, capacity 15111K, committed 15232K, reserved 1062912K
  class space    used 1595K, capacity 1812K, committed 1920K, reserved 1048576K
}
Event: 8.061 GC heap after
{Heap after GC invocations=2 (full 0):
 garbage-first heap   total 131072K, used 7395K [0x0000000081c00000, 0x0000000100000000)
  region size 1024K, 7 young (7168K), 7 survivors (7168K)
 Metaspace       used 13534K, capacity 15111K, committed 15232K, reserved 1062912K
  class space    used 1595K, capacity 1812K, committed 1920K, reserved 1048576K
}

Deoptimization events (10 events):
Event: 7.554 Thread 0x000001d9b9678800 Uncommon trap: reason=bimorphic_or_optimized_type_check action=maybe_recompile pc=0x000001d9cae74704 method=java.util.regex.Pattern$BmpCharPropertyGreedy.match(Ljava/util/regex/Matcher;ILjava/lang/CharSequence;)Z @ 26 c2
Event: 7.554 Thread 0x000001d9b9678800 Uncommon trap: reason=bimorphic_or_optimized_type_check action=maybe_recompile pc=0x000001d9cae74704 method=java.util.regex.Pattern$BmpCharPropertyGreedy.match(Ljava/util/regex/Matcher;ILjava/lang/CharSequence;)Z @ 26 c2
Event: 7.554 Thread 0x000001d9b9678800 Uncommon trap: reason=bimorphic_or_optimized_type_check action=maybe_recompile pc=0x000001d9cae74704 method=java.util.regex.Pattern$BmpCharPropertyGreedy.match(Ljava/util/regex/Matcher;ILjava/lang/CharSequence;)Z @ 26 c2
Event: 7.736 Thread 0x000001d9b9678800 Uncommon trap: reason=speculate_null_assert action=make_not_entrant pc=0x000001d9caeb7f9c method=org.eclipse.sisu.inject.RankedBindings$Itr.hasNext()Z @ 80 c2
Event: 7.927 Thread 0x000001d9b9678800 Uncommon trap: reason=unstable_if action=reinterpret pc=0x000001d9cae90768 method=java.util.StringTokenizer.scanToken(I)I @ 96 c2
Event: 7.947 Thread 0x000001d9b9678800 Uncommon trap: reason=profile_predicate action=maybe_recompile pc=0x000001d9caec4724 method=jdk.internal.org.objectweb.asm.ByteVector.putUTF8(Ljava/lang/String;)Ljdk/internal/org/objectweb/asm/ByteVector; @ 79 c2
Event: 7.947 Thread 0x000001d9b9678800 Uncommon trap: reason=profile_predicate action=maybe_recompile pc=0x000001d9caec4724 method=jdk.internal.org.objectweb.asm.ByteVector.putUTF8(Ljava/lang/String;)Ljdk/internal/org/objectweb/asm/ByteVector; @ 79 c2
Event: 7.947 Thread 0x000001d9b9678800 Uncommon trap: reason=profile_predicate action=maybe_recompile pc=0x000001d9caec4724 method=jdk.internal.org.objectweb.asm.ByteVector.putUTF8(Ljava/lang/String;)Ljdk/internal/org/objectweb/asm/ByteVector; @ 79 c2
Event: 7.947 Thread 0x000001d9b9678800 Uncommon trap: reason=profile_predicate action=maybe_recompile pc=0x000001d9caec4724 method=jdk.internal.org.objectweb.asm.ByteVector.putUTF8(Ljava/lang/String;)Ljdk/internal/org/objectweb/asm/ByteVector; @ 79 c2
Event: 8.296 Thread 0x000001d9b9678800 Uncommon trap: reason=bimorphic_or_optimized_type_check action=maybe_recompile pc=0x000001d9cae74704 method=java.util.regex.Pattern$BmpCharPropertyGreedy.match(Ljava/util/regex/Matcher;ILjava/lang/CharSequence;)Z @ 26 c2

Classes redefined (0 events):
No events

Internal exceptions (10 events):
Event: 5.161 Thread 0x000001d9b9678800 Exception <a 'java/lang/NoClassDefFoundError'{0x0000000087b51750}: javax/annotation/Priority> (0x0000000087b51750) thrown at [t:/workspace/open/src/hotspot/share/classfile/systemDictionary.cpp, line 224]
Event: 5.595 Thread 0x000001d9b9678800 Exception <a 'java/lang/NoSuchMethodError'{0x0000000087764a20}: java.lang.invoke.DirectMethodHandle$Holder.invokeStaticInit(Ljava/lang/Object;IIII)Ljava/lang/Object;> (0x0000000087764a20) thrown at [t:/workspace/open/src/hotspot/share/interpreter/linkReso
Event: 5.947 Thread 0x000001d9b9678800 Implicit null exception at 0x000001d9cae19d9d to 0x000001d9cae19e86
Event: 6.352 Thread 0x000001d9b9678800 Implicit null exception at 0x000001d9cadf7205 to 0x000001d9cadf73e2
Event: 6.352 Thread 0x000001d9b9678800 Implicit null exception at 0x000001d9cadb614f to 0x000001d9cadb61cd
Event: 6.353 Thread 0x000001d9b9678800 Implicit null exception at 0x000001d9cae001cb to 0x000001d9cae008d6
Event: 7.947 Thread 0x000001d9b9678800 Exception <a 'java/lang/NoSuchMethodError'{0x0000000085072ce0}: java.lang.invoke.DirectMethodHandle$Holder.invokeStatic(Ljava/lang/Object;J)V> (0x0000000085072ce0) thrown at [t:/workspace/open/src/hotspot/share/interpreter/linkResolver.cpp, line 777]
Event: 7.949 Thread 0x000001d9b9678800 Exception <a 'java/lang/NoSuchMethodError'{0x000000008507a8c8}: java.lang.invoke.DirectMethodHandle$Holder.invokeStatic(Ljava/lang/Object;Ljava/lang/Object;JLjava/lang/Object;)Ljava/lang/Object;> (0x000000008507a8c8) thrown at [t:/workspace/open/src/hotsp
Event: 7.950 Thread 0x000001d9b9678800 Exception <a 'java/lang/NoSuchMethodError'{0x000000008507d850}: java.lang.invoke.DirectMethodHandle$Holder.invokeStaticInit(Ljava/lang/Object;Ljava/lang/Object;JLjava/lang/Object;)Ljava/lang/Object;> (0x000000008507d850) thrown at [t:/workspace/open/src/h
Event: 7.950 Thread 0x000001d9b9678800 Exception <a 'java/lang/NoSuchMethodError'{0x0000000085083498}: java.lang.invoke.Invokers$Holder.linkToTargetMethod(Ljava/lang/Object;JLjava/lang/Object;)Ljava/lang/Object;> (0x0000000085083498) thrown at [t:/workspace/open/src/hotspot/share/interpreter/l

Events (10 events):
Event: 8.266 loading class org/codehaus/plexus/util/Base64
Event: 8.266 loading class org/codehaus/plexus/util/Base64 done
Event: 8.266 Executing VM operation: HandshakeAllThreads
Event: 8.266 loading class org/codehaus/plexus/util/Base64
Event: 8.266 loading class org/codehaus/plexus/util/Base64 done
Event: 8.266 Executing VM operation: HandshakeAllThreads done
Event: 8.296 Thread 0x000001d9b9678800 Uncommon trap: trap_request=0xffffffc6 fr.pc=0x000001d9cae74704 relative=0x0000000000000764
Event: 8.296 Thread 0x000001d9b9678800 DEOPT PACKING pc=0x000001d9cae74704 sp=0x0000005bd05fdc20
Event: 8.296 Thread 0x000001d9b9678800 DEOPT UNPACKING pc=0x000001d9c32c9b2f sp=0x0000005bd05fdbb8 mode 2
Event: 8.296 Executing VM operation: G1CollectFull


Dynamic libraries:
0x00007ff731160000 - 0x00007ff73116f000 	D:\Program Files\Java\jdk-12\bin\java.exe
0x00007ffd71700000 - 0x00007ffd718f0000 	C:\WINDOWS\SYSTEM32\ntdll.dll
0x00007ffd6fdd0000 - 0x00007ffd6fe82000 	C:\WINDOWS\System32\KERNEL32.DLL
0x00007ffd6f180000 - 0x00007ffd6f423000 	C:\WINDOWS\System32\KERNELBASE.dll
0x00007ffd6ef90000 - 0x00007ffd6f08a000 	C:\WINDOWS\System32\ucrtbase.dll
0x00007ffd67ad0000 - 0x00007ffd67ae6000 	D:\Program Files\Java\jdk-12\bin\VCRUNTIME140.dll
0x00007ffd62d70000 - 0x00007ffd62d88000 	D:\Program Files\Java\jdk-12\bin\jli.dll
0x00007ffd71460000 - 0x00007ffd71503000 	C:\WINDOWS\System32\ADVAPI32.dll
0x00007ffd6f780000 - 0x00007ffd6f81e000 	C:\WINDOWS\System32\msvcrt.dll
0x00007ffd71510000 - 0x00007ffd715a7000 	C:\WINDOWS\System32\sechost.dll
0x00007ffd6fcb0000 - 0x00007ffd6fdd0000 	C:\WINDOWS\System32\RPCRT4.dll
0x00007ffd6fe90000 - 0x00007ffd70023000 	C:\WINDOWS\System32\USER32.dll
0x00007ffd6f090000 - 0x00007ffd6f0b1000 	C:\WINDOWS\System32\win32u.dll
0x00007ffd5ef20000 - 0x00007ffd5f1a5000 	C:\WINDOWS\WinSxS\amd64_microsoft.windows.common-controls_6595b64144ccf1df_6.0.18362.295_none_e6c3acbd13101292\COMCTL32.dll
0x00007ffd71430000 - 0x00007ffd71456000 	C:\WINDOWS\System32\GDI32.dll
0x00007ffd6f970000 - 0x00007ffd6fca6000 	C:\WINDOWS\System32\combase.dll
0x00007ffd6f580000 - 0x00007ffd6f714000 	C:\WINDOWS\System32\gdi32full.dll
0x00007ffd6f0c0000 - 0x00007ffd6f15e000 	C:\WINDOWS\System32\msvcp_win.dll
0x00007ffd6ef10000 - 0x00007ffd6ef90000 	C:\WINDOWS\System32\bcryptPrimitives.dll
0x00007ffd623e0000 - 0x00007ffd623ea000 	C:\WINDOWS\SYSTEM32\VERSION.dll
0x00007ffd70c90000 - 0x00007ffd70cbe000 	C:\WINDOWS\System32\IMM32.DLL
0x00007ffd3eba0000 - 0x00007ffd3ec4a000 	D:\Program Files\Java\jdk-12\bin\msvcp140.dll
0x00007ffcfb560000 - 0x00007ffcfc0d4000 	D:\Program Files\Java\jdk-12\bin\server\jvm.dll
0x00007ffd70b30000 - 0x00007ffd70b38000 	C:\WINDOWS\System32\PSAPI.DLL
0x00007ffd5d860000 - 0x00007ffd5d869000 	C:\WINDOWS\SYSTEM32\WSOCK32.dll
0x00007ffd6b010000 - 0x00007ffd6b034000 	C:\WINDOWS\SYSTEM32\WINMM.dll
0x00007ffd70c20000 - 0x00007ffd70c8f000 	C:\WINDOWS\System32\WS2_32.dll
0x00007ffd6ae70000 - 0x00007ffd6ae9d000 	C:\WINDOWS\SYSTEM32\winmmbase.dll
0x00007ffd6e740000 - 0x00007ffd6e78a000 	C:\WINDOWS\System32\cfgmgr32.dll
0x00007ffd6e600000 - 0x00007ffd6e611000 	C:\WINDOWS\System32\kernel.appcore.dll
0x00007ffd45530000 - 0x00007ffd45541000 	D:\Program Files\Java\jdk-12\bin\verify.dll
0x00007ffd5b4c0000 - 0x00007ffd5b6b4000 	C:\WINDOWS\SYSTEM32\DBGHELP.DLL
0x00007ffd5b0e0000 - 0x00007ffd5b10a000 	C:\WINDOWS\SYSTEM32\dbgcore.DLL
0x00007ffd4d150000 - 0x00007ffd4d176000 	D:\Program Files\Java\jdk-12\bin\java.dll
0x00007ffd439c0000 - 0x00007ffd439d7000 	D:\Program Files\Java\jdk-12\bin\zip.dll
0x00007ffd6ada0000 - 0x00007ffd6adaa000 	D:\Program Files\Java\jdk-12\bin\jimage.dll
0x00007ffd70230000 - 0x00007ffd70912000 	C:\WINDOWS\System32\SHELL32.dll
0x00007ffd70920000 - 0x00007ffd709c9000 	C:\WINDOWS\System32\shcore.dll
0x00007ffd6e790000 - 0x00007ffd6ef0c000 	C:\WINDOWS\System32\windows.storage.dll
0x00007ffd6e640000 - 0x00007ffd6e65f000 	C:\WINDOWS\System32\profapi.dll
0x00007ffd6e5b0000 - 0x00007ffd6e5fa000 	C:\WINDOWS\System32\powrprof.dll
0x00007ffd6e5a0000 - 0x00007ffd6e5b0000 	C:\WINDOWS\System32\UMPDC.dll
0x00007ffd71630000 - 0x00007ffd71682000 	C:\WINDOWS\System32\shlwapi.dll
0x00007ffd6f160000 - 0x00007ffd6f177000 	C:\WINDOWS\System32\cryptsp.dll
0x00007ffd67820000 - 0x00007ffd67839000 	D:\Program Files\Java\jdk-12\bin\net.dll
0x00007ffd64650000 - 0x00007ffd64740000 	C:\WINDOWS\SYSTEM32\WINHTTP.dll
0x00007ffd64150000 - 0x00007ffd64326000 	C:\WINDOWS\SYSTEM32\urlmon.dll
0x00007ffd63ea0000 - 0x00007ffd64146000 	C:\WINDOWS\SYSTEM32\iertutil.dll
0x00007ffd6df80000 - 0x00007ffd6df8c000 	C:\WINDOWS\SYSTEM32\CRYPTBASE.DLL
0x00007ffd6ddb0000 - 0x00007ffd6de17000 	C:\WINDOWS\system32\mswsock.dll
0x00007ffd40140000 - 0x00007ffd40153000 	D:\Program Files\Java\jdk-12\bin\nio.dll

dbghelp: loaded successfully - version: 4.0.5 - missing functions: none
symbol engine: initialized successfully - sym options: 0x614 - pdb path: .;D:\Program Files\Java\jdk-12\bin;C:\WINDOWS\SYSTEM32;C:\WINDOWS\WinSxS\amd64_microsoft.windows.common-controls_6595b64144ccf1df_6.0.18362.295_none_e6c3acbd13101292;D:\Program Files\Java\jdk-12\bin\server

VM Arguments:
jvm_args: -Dclassworlds.conf=D:\Program Files\NetBeans-11.1\netbeans\java\maven\bin\m2.conf -Dmaven.home=D:\Program Files\NetBeans-11.1\netbeans\java\maven -Dmaven.multiModuleProjectDirectory=D:\Мои материалы\Каталог\Dropbox\ИСУ\Дисциплины\ООП\2019\Лаб 2\Java\Lab2 
java_command: org.codehaus.plexus.classworlds.launcher.Launcher -Dexec.args=-classpath %classpath com.mycompany.lab2.Lab2 -Dexec.executable=D:\Program Files\Java\jdk-12\bin\java.exe -Dmaven.ext.class.path=D:\Program Files\NetBeans-11.1\netbeans\java\maven-nblib\netbeans-eventspy.jar -Dfile.encoding=UTF-8 org.codehaus.mojo:exec-maven-plugin:1.5.0:exec
java_class_path (initial): D:\Program Files\NetBeans-11.1\netbeans\java\maven\boot\plexus-classworlds-2.5.2.jar
Launcher Type: SUN_STANDARD

[Global flags]
     intx CICompilerCount                          = 4                                         {product} {ergonomic}
     uint ConcGCThreads                            = 2                                         {product} {ergonomic}
     uint G1ConcRefinementThreads                  = 8                                         {product} {ergonomic}
   size_t G1HeapRegionSize                         = 1048576                                   {product} {ergonomic}
    uintx GCDrainStackTargetSize                   = 64                                        {product} {ergonomic}
   size_t InitialHeapSize                          = 134217728                                 {product} {ergonomic}
   size_t MarkStackSize                            = 4194304                                   {product} {ergonomic}
   size_t MaxHeapSize                              = 2118123520                                {product} {ergonomic}
   size_t MaxNewSize                               = 1270874112                                {product} {ergonomic}
   size_t MinHeapDeltaBytes                        = 1048576                                   {product} {ergonomic}
    uintx NonNMethodCodeHeapSize                   = 5836300                                {pd product} {ergonomic}
    uintx NonProfiledCodeHeapSize                  = 122910970                              {pd product} {ergonomic}
    uintx ProfiledCodeHeapSize                     = 122910970                              {pd product} {ergonomic}
    uintx ReservedCodeCacheSize                    = 251658240                              {pd product} {ergonomic}
     bool SegmentedCodeCache                       = true                                      {product} {ergonomic}
     bool UseCompressedClassPointers               = true                                 {lp64_product} {ergonomic}
     bool UseCompressedOops                        = true                                 {lp64_product} {ergonomic}
     bool UseG1GC                                  = true                                      {product} {ergonomic}
     bool UseLargePagesIndividualAllocation        = false                                  {pd product} {ergonomic}

Logging:
Log output configuration:
 #0: stdout all=warning uptime,level,tags
 #1: stderr all=off uptime,level,tags

Environment Variables:
JAVA_HOME=D:\Program Files\Java\jdk-12
PATH=C:\ProgramData\Oracle\Java\javapath;C:\Program Files (x86)\Intel\iCLS Client\;C:\Program Files\Intel\iCLS Client\;C:\WINDOWS\system32;C:\WINDOWS;C:\WINDOWS\System32\Wbem;C:\WINDOWS\System32\WindowsPowerShell\v1.0\;C:\Program Files\Intel\WiFi\bin\;C:\Program Files\Common Files\Intel\WirelessCommon\;C:\Program Files\Aladdin\eToken\PKIClient\x32;C:\Program Files\Aladdin\eToken\PKIClient\x64;C:\Program Files\Intel\Intel(R) Management Engine Components\DAL;C:\Program Files\Intel\Intel(R) Management Engine Components\IPT;C:\Program Files (x86)\Intel\Intel(R) Management Engine Components\DAL;C:\Program Files (x86)\Intel\Intel(R) Management Engine Components\IPT;C:\Program Files (x86)\NVIDIA Corporation\PhysX\Common;C:\WINDOWS\system32;C:\WINDOWS;C:\WINDOWS\System32\Wbem;C:\WINDOWS\System32\WindowsPowerShell\v1.0\;C:\WINDOWS\System32\OpenSSH\;C:\Users\Юрий\AppData\Local\Microsoft\WindowsApps;
USERNAME=Юрий
OS=Windows_NT
PROCESSOR_IDENTIFIER=Intel64 Family 6 Model 58 Stepping 9, GenuineIntel



---------------  S Y S T E M  ---------------

OS: Windows 10 , 64 bit Build 18362 (10.0.18362.86)

CPU:total 8 (initial active 8) (4 cores per cpu, 2 threads per core) family 6 model 58 stepping 9, cmov, cx8, fxsr, mmx, sse, sse2, sse3, ssse3, sse4.1, sse4.2, popcnt, avx, aes, clmul, erms, ht, tsc, tscinvbit, tscinv

Memory: 4k page, system-wide physical 8079M (484M free)
TotalPageFile size 12658M (AvailPageFile size 6M)
current process WorkingSet (physical memory assigned to process): 167M, peak: 167M
current process commit charge ("private bytes"): 255M, peak: 260M

vm_info: Java HotSpot(TM) 64-Bit Server VM (12+33) for windows-amd64 JRE (12+33), built on Feb 21 2019 02:31:50 by "mach5one" with MS VC++ 15.5 (VS2017)

END.
