#
# There is insufficient memory for the Java Runtime Environment to continue.
# Native memory allocation (malloc) failed to allocate 593616 bytes for Chunk::new
# Possible reasons:
#   The system is out of physical RAM or swap space
#   The process is running with CompressedOops enabled, and the Java Heap may be blocking the growth of the native heap
# Possible solutions:
#   Reduce memory load on the system
#   Increase physical memory or swap space
#   Check if swap backing store is full
#   Decrease Java heap size (-Xmx/-Xms)
#   Decrease number of Java threads
#   Decrease Java thread stack sizes (-Xss)
#   Set larger code cache with -XX:ReservedCodeCacheSize=
#   JVM is running with Unscaled Compressed Oops mode in which the Java heap is
#     placed in the first 4GB address space. The Java Heap base address is the
#     maximum limit for the native heap growth. Please use -XX:HeapBaseMinAddress
#     to set the Java Heap base and to place the Java Heap above 4GB virtual address.
# This output file may be truncated or incomplete.
#
#  Out of Memory Error (t:/workspace/open/src/hotspot/share/memory/arena.cpp:197), pid=27884, tid=23924
#
# JRE version: Java(TM) SE Runtime Environment (12.0+33) (build 12+33)
# Java VM: Java HotSpot(TM) 64-Bit Server VM (12+33, mixed mode, sharing, tiered, compressed oops, g1 gc, windows-amd64)
# No core dump will be written. Minidumps are not enabled by default on client versions of Windows
#

---------------  S U M M A R Y ------------

Command Line: -Dclassworlds.conf=D:\Program Files\NetBeans-11.1\netbeans\java\maven\bin\m2.conf -Dmaven.home=D:\Program Files\NetBeans-11.1\netbeans\java\maven -Dmaven.multiModuleProjectDirectory=D:\Мои материалы\Каталог\Dropbox\ИСУ\Дисциплины\ООП\2019\Лаб 2\Java\Lab2 org.codehaus.plexus.classworlds.launcher.Launcher -Dmaven.ext.class.path=D:\Program Files\NetBeans-11.1\netbeans\java\maven-nblib\netbeans-eventspy.jar -Dfile.encoding=UTF-8 install

Host: Intel(R) Core(TM) i7-3630QM CPU @ 2.40GHz, 8 cores, 7G,  Windows 10 , 64 bit Build 18362 (10.0.18362.86)
Time: Wed Sep 11 12:02:29 2019 RTZ 6 (ceia) elapsed time: 0 seconds (0d 0h 0m 0s)

---------------  T H R E A D  ---------------

Current thread (0x00000294e8df9000):  JavaThread "C2 CompilerThread1" daemon [_thread_in_native, id=23924, stack(0x000000bc23a00000,0x000000bc23b00000)]


Current CompileTask:
C2:    521  923       4       org.codehaus.plexus.util.xml.XmlReader::read (11 bytes)

Stack: [0x000000bc23a00000,0x000000bc23b00000]
Native frames: (J=compiled Java code, j=interpreted, Vv=VM code, C=native code)
V  [jvm.dll+0x63948a]
V  [jvm.dll+0x78b31f]
V  [jvm.dll+0x78c9c1]
V  [jvm.dll+0x78d013]
V  [jvm.dll+0x262138]
V  [jvm.dll+0xc582c]
V  [jvm.dll+0xc5dac]
V  [jvm.dll+0x3796a7]
V  [jvm.dll+0x345493]
V  [jvm.dll+0x34485a]
V  [jvm.dll+0x21c035]
V  [jvm.dll+0x21b20a]
V  [jvm.dll+0x199890]
V  [jvm.dll+0x22a534]
V  [jvm.dll+0x228b88]
V  [jvm.dll+0x74f660]
V  [jvm.dll+0x748648]
V  [jvm.dll+0x638566]
C  [ucrtbase.dll+0x1d9f2]
C  [KERNEL32.DLL+0x17bd4]
C  [ntdll.dll+0x6ce71]


---------------  P R O C E S S  ---------------

Threads class SMR info:
_java_thread_list=0x00000294e8db5db0, length=12, elements={
0x00000294c6ea8000, 0x00000294e7ae4800, 0x00000294e7ae5800, 0x00000294e7b09000,
0x00000294e7b0a800, 0x00000294e7b0c800, 0x00000294e7b17800, 0x00000294e7b1d000,
0x00000294e8582800, 0x00000294e858d000, 0x00000294e8df9000, 0x00000294e9154000
}

Java Threads: ( => current thread )
  0x00000294c6ea8000 JavaThread "main" [_thread_in_vm, id=3924, stack(0x000000bc22900000,0x000000bc22a00000)]
  0x00000294e7ae4800 JavaThread "Reference Handler" daemon [_thread_blocked, id=4952, stack(0x000000bc23000000,0x000000bc23100000)]
  0x00000294e7ae5800 JavaThread "Finalizer" daemon [_thread_blocked, id=26576, stack(0x000000bc23100000,0x000000bc23200000)]
  0x00000294e7b09000 JavaThread "Signal Dispatcher" daemon [_thread_blocked, id=19940, stack(0x000000bc23200000,0x000000bc23300000)]
  0x00000294e7b0a800 JavaThread "Attach Listener" daemon [_thread_blocked, id=23200, stack(0x000000bc23300000,0x000000bc23400000)]
  0x00000294e7b0c800 JavaThread "C2 CompilerThread0" daemon [_thread_in_native, id=17640, stack(0x000000bc23400000,0x000000bc23500000)]
  0x00000294e7b17800 JavaThread "C1 CompilerThread0" daemon [_thread_blocked, id=4184, stack(0x000000bc23500000,0x000000bc23600000)]
  0x00000294e7b1d000 JavaThread "Sweeper thread" daemon [_thread_blocked, id=20080, stack(0x000000bc23600000,0x000000bc23700000)]
  0x00000294e8582800 JavaThread "Service Thread" daemon [_thread_blocked, id=18780, stack(0x000000bc23700000,0x000000bc23800000)]
  0x00000294e858d000 JavaThread "Common-Cleaner" daemon [_thread_blocked, id=10704, stack(0x000000bc23900000,0x000000bc23a00000)]
=>0x00000294e8df9000 JavaThread "C2 CompilerThread1" daemon [_thread_in_native, id=23924, stack(0x000000bc23a00000,0x000000bc23b00000)]
  0x00000294e9154000 JavaThread "C2 CompilerThread2" daemon [_thread_in_native, id=7444, stack(0x000000bc23b00000,0x000000bc23c00000)]

Other Threads:
  0x00000294e7ae3800 VMThread "VM Thread" [stack: 0x000000bc22f00000,0x000000bc23000000] [id=25768]
  0x00000294e8588000 WatcherThread [stack: 0x000000bc23800000,0x000000bc23900000] [id=22184]
  0x00000294c6ee6800 GCTaskThread "GC Thread#0" [stack: 0x000000bc22a00000,0x000000bc22b00000] [id=11452]
  0x00000294c6ef6000 ConcurrentGCThread "G1 Main Marker" [stack: 0x000000bc22b00000,0x000000bc22c00000] [id=26844]
  0x00000294c6ef8000 ConcurrentGCThread "G1 Conc#0" [stack: 0x000000bc22c00000,0x000000bc22d00000] [id=12716]
  0x00000294c6f7e000 ConcurrentGCThread "G1 Refine#0" [stack: 0x000000bc22d00000,0x000000bc22e00000] [id=20840]
  0x00000294e7960800 ConcurrentGCThread "G1 Young RemSet Sampling" [stack: 0x000000bc22e00000,0x000000bc22f00000] [id=23532]

Threads with active compile tasks:
C2 CompilerThread0   918   !   4       sun.nio.cs.StreamDecoder::read (196 bytes)
C2 CompilerThread1   923       4       org.codehaus.plexus.util.xml.XmlReader::read (11 bytes)
C2 CompilerThread2   944       4       sun.nio.cs.StreamDecoder::implRead (243 bytes)

VM state:not at safepoint (normal execution)

VM Mutex/Monitor currently owned by a thread: None

Heap address: 0x0000000081c00000, size: 2020 MB, Compressed Oops mode: 32-bit
Narrow klass base: 0x0000000800000000, Narrow klass shift: 3
Compressed class space size: 1073741824 Address: 0x00000008011a0000

Heap:
 garbage-first heap   total 131072K, used 21504K [0x0000000081c00000, 0x0000000100000000)
  region size 1024K, 23 young (23552K), 0 survivors (0K)
 Metaspace       used 4735K, capacity 7543K, committed 7808K, reserved 1056768K
  class space    used 589K, capacity 856K, committed 896K, reserved 1048576K
Heap Regions: E=young(eden), S=young(survivor), O=old, HS=humongous(starts), HC=humongous(continues), CS=collection set, F=free, A=archive, TAMS=top-at-mark-start (previous, next)
|   0|0x0000000081c00000, 0x0000000081c00000, 0x0000000081d00000|  0%| F|  |TAMS 0x0000000081c00000, 0x0000000081c00000| Untracked 
|   1|0x0000000081d00000, 0x0000000081d00000, 0x0000000081e00000|  0%| F|  |TAMS 0x0000000081d00000, 0x0000000081d00000| Untracked 
|   2|0x0000000081e00000, 0x0000000081e00000, 0x0000000081f00000|  0%| F|  |TAMS 0x0000000081e00000, 0x0000000081e00000| Untracked 
|   3|0x0000000081f00000, 0x0000000081f00000, 0x0000000082000000|  0%| F|  |TAMS 0x0000000081f00000, 0x0000000081f00000| Untracked 
|   4|0x0000000082000000, 0x0000000082000000, 0x0000000082100000|  0%| F|  |TAMS 0x0000000082000000, 0x0000000082000000| Untracked 
|   5|0x0000000082100000, 0x0000000082100000, 0x0000000082200000|  0%| F|  |TAMS 0x0000000082100000, 0x0000000082100000| Untracked 
|   6|0x0000000082200000, 0x0000000082200000, 0x0000000082300000|  0%| F|  |TAMS 0x0000000082200000, 0x0000000082200000| Untracked 
|   7|0x0000000082300000, 0x0000000082300000, 0x0000000082400000|  0%| F|  |TAMS 0x0000000082300000, 0x0000000082300000| Untracked 
|   8|0x0000000082400000, 0x0000000082400000, 0x0000000082500000|  0%| F|  |TAMS 0x0000000082400000, 0x0000000082400000| Untracked 
|   9|0x0000000082500000, 0x0000000082500000, 0x0000000082600000|  0%| F|  |TAMS 0x0000000082500000, 0x0000000082500000| Untracked 
|  10|0x0000000082600000, 0x0000000082600000, 0x0000000082700000|  0%| F|  |TAMS 0x0000000082600000, 0x0000000082600000| Untracked 
|  11|0x0000000082700000, 0x0000000082700000, 0x0000000082800000|  0%| F|  |TAMS 0x0000000082700000, 0x0000000082700000| Untracked 
|  12|0x0000000082800000, 0x0000000082800000, 0x0000000082900000|  0%| F|  |TAMS 0x0000000082800000, 0x0000000082800000| Untracked 
|  13|0x0000000082900000, 0x0000000082900000, 0x0000000082a00000|  0%| F|  |TAMS 0x0000000082900000, 0x0000000082900000| Untracked 
|  14|0x0000000082a00000, 0x0000000082a00000, 0x0000000082b00000|  0%| F|  |TAMS 0x0000000082a00000, 0x0000000082a00000| Untracked 
|  15|0x0000000082b00000, 0x0000000082b00000, 0x0000000082c00000|  0%| F|  |TAMS 0x0000000082b00000, 0x0000000082b00000| Untracked 
|  16|0x0000000082c00000, 0x0000000082c00000, 0x0000000082d00000|  0%| F|  |TAMS 0x0000000082c00000, 0x0000000082c00000| Untracked 
|  17|0x0000000082d00000, 0x0000000082d00000, 0x0000000082e00000|  0%| F|  |TAMS 0x0000000082d00000, 0x0000000082d00000| Untracked 
|  18|0x0000000082e00000, 0x0000000082e00000, 0x0000000082f00000|  0%| F|  |TAMS 0x0000000082e00000, 0x0000000082e00000| Untracked 
|  19|0x0000000082f00000, 0x0000000082f00000, 0x0000000083000000|  0%| F|  |TAMS 0x0000000082f00000, 0x0000000082f00000| Untracked 
|  20|0x0000000083000000, 0x0000000083000000, 0x0000000083100000|  0%| F|  |TAMS 0x0000000083000000, 0x0000000083000000| Untracked 
|  21|0x0000000083100000, 0x0000000083100000, 0x0000000083200000|  0%| F|  |TAMS 0x0000000083100000, 0x0000000083100000| Untracked 
|  22|0x0000000083200000, 0x0000000083200000, 0x0000000083300000|  0%| F|  |TAMS 0x0000000083200000, 0x0000000083200000| Untracked 
|  23|0x0000000083300000, 0x0000000083300000, 0x0000000083400000|  0%| F|  |TAMS 0x0000000083300000, 0x0000000083300000| Untracked 
|  24|0x0000000083400000, 0x0000000083400000, 0x0000000083500000|  0%| F|  |TAMS 0x0000000083400000, 0x0000000083400000| Untracked 
|  25|0x0000000083500000, 0x0000000083500000, 0x0000000083600000|  0%| F|  |TAMS 0x0000000083500000, 0x0000000083500000| Untracked 
|  26|0x0000000083600000, 0x0000000083600000, 0x0000000083700000|  0%| F|  |TAMS 0x0000000083600000, 0x0000000083600000| Untracked 
|  27|0x0000000083700000, 0x0000000083700000, 0x0000000083800000|  0%| F|  |TAMS 0x0000000083700000, 0x0000000083700000| Untracked 
|  28|0x0000000083800000, 0x0000000083800000, 0x0000000083900000|  0%| F|  |TAMS 0x0000000083800000, 0x0000000083800000| Untracked 
|  29|0x0000000083900000, 0x0000000083900000, 0x0000000083a00000|  0%| F|  |TAMS 0x0000000083900000, 0x0000000083900000| Untracked 
|  30|0x0000000083a00000, 0x0000000083a00000, 0x0000000083b00000|  0%| F|  |TAMS 0x0000000083a00000, 0x0000000083a00000| Untracked 
|  31|0x0000000083b00000, 0x0000000083b00000, 0x0000000083c00000|  0%| F|  |TAMS 0x0000000083b00000, 0x0000000083b00000| Untracked 
|  32|0x0000000083c00000, 0x0000000083c00000, 0x0000000083d00000|  0%| F|  |TAMS 0x0000000083c00000, 0x0000000083c00000| Untracked 
|  33|0x0000000083d00000, 0x0000000083d00000, 0x0000000083e00000|  0%| F|  |TAMS 0x0000000083d00000, 0x0000000083d00000| Untracked 
|  34|0x0000000083e00000, 0x0000000083e00000, 0x0000000083f00000|  0%| F|  |TAMS 0x0000000083e00000, 0x0000000083e00000| Untracked 
|  35|0x0000000083f00000, 0x0000000083f00000, 0x0000000084000000|  0%| F|  |TAMS 0x0000000083f00000, 0x0000000083f00000| Untracked 
|  36|0x0000000084000000, 0x0000000084000000, 0x0000000084100000|  0%| F|  |TAMS 0x0000000084000000, 0x0000000084000000| Untracked 
|  37|0x0000000084100000, 0x0000000084100000, 0x0000000084200000|  0%| F|  |TAMS 0x0000000084100000, 0x0000000084100000| Untracked 
|  38|0x0000000084200000, 0x0000000084200000, 0x0000000084300000|  0%| F|  |TAMS 0x0000000084200000, 0x0000000084200000| Untracked 
|  39|0x0000000084300000, 0x0000000084300000, 0x0000000084400000|  0%| F|  |TAMS 0x0000000084300000, 0x0000000084300000| Untracked 
|  40|0x0000000084400000, 0x0000000084400000, 0x0000000084500000|  0%| F|  |TAMS 0x0000000084400000, 0x0000000084400000| Untracked 
|  41|0x0000000084500000, 0x0000000084500000, 0x0000000084600000|  0%| F|  |TAMS 0x0000000084500000, 0x0000000084500000| Untracked 
|  42|0x0000000084600000, 0x0000000084600000, 0x0000000084700000|  0%| F|  |TAMS 0x0000000084600000, 0x0000000084600000| Untracked 
|  43|0x0000000084700000, 0x0000000084700000, 0x0000000084800000|  0%| F|  |TAMS 0x0000000084700000, 0x0000000084700000| Untracked 
|  44|0x0000000084800000, 0x0000000084800000, 0x0000000084900000|  0%| F|  |TAMS 0x0000000084800000, 0x0000000084800000| Untracked 
|  45|0x0000000084900000, 0x0000000084900000, 0x0000000084a00000|  0%| F|  |TAMS 0x0000000084900000, 0x0000000084900000| Untracked 
|  46|0x0000000084a00000, 0x0000000084a00000, 0x0000000084b00000|  0%| F|  |TAMS 0x0000000084a00000, 0x0000000084a00000| Untracked 
|  47|0x0000000084b00000, 0x0000000084b00000, 0x0000000084c00000|  0%| F|  |TAMS 0x0000000084b00000, 0x0000000084b00000| Untracked 
|  48|0x0000000084c00000, 0x0000000084c00000, 0x0000000084d00000|  0%| F|  |TAMS 0x0000000084c00000, 0x0000000084c00000| Untracked 
|  49|0x0000000084d00000, 0x0000000084d00000, 0x0000000084e00000|  0%| F|  |TAMS 0x0000000084d00000, 0x0000000084d00000| Untracked 
|  50|0x0000000084e00000, 0x0000000084e00000, 0x0000000084f00000|  0%| F|  |TAMS 0x0000000084e00000, 0x0000000084e00000| Untracked 
|  51|0x0000000084f00000, 0x0000000084f00000, 0x0000000085000000|  0%| F|  |TAMS 0x0000000084f00000, 0x0000000084f00000| Untracked 
|  52|0x0000000085000000, 0x0000000085000000, 0x0000000085100000|  0%| F|  |TAMS 0x0000000085000000, 0x0000000085000000| Untracked 
|  53|0x0000000085100000, 0x0000000085100000, 0x0000000085200000|  0%| F|  |TAMS 0x0000000085100000, 0x0000000085100000| Untracked 
|  54|0x0000000085200000, 0x0000000085200000, 0x0000000085300000|  0%| F|  |TAMS 0x0000000085200000, 0x0000000085200000| Untracked 
|  55|0x0000000085300000, 0x0000000085300000, 0x0000000085400000|  0%| F|  |TAMS 0x0000000085300000, 0x0000000085300000| Untracked 
|  56|0x0000000085400000, 0x0000000085400000, 0x0000000085500000|  0%| F|  |TAMS 0x0000000085400000, 0x0000000085400000| Untracked 
|  57|0x0000000085500000, 0x0000000085500000, 0x0000000085600000|  0%| F|  |TAMS 0x0000000085500000, 0x0000000085500000| Untracked 
|  58|0x0000000085600000, 0x0000000085600000, 0x0000000085700000|  0%| F|  |TAMS 0x0000000085600000, 0x0000000085600000| Untracked 
|  59|0x0000000085700000, 0x0000000085700000, 0x0000000085800000|  0%| F|  |TAMS 0x0000000085700000, 0x0000000085700000| Untracked 
|  60|0x0000000085800000, 0x0000000085800000, 0x0000000085900000|  0%| F|  |TAMS 0x0000000085800000, 0x0000000085800000| Untracked 
|  61|0x0000000085900000, 0x0000000085900000, 0x0000000085a00000|  0%| F|  |TAMS 0x0000000085900000, 0x0000000085900000| Untracked 
|  62|0x0000000085a00000, 0x0000000085a00000, 0x0000000085b00000|  0%| F|  |TAMS 0x0000000085a00000, 0x0000000085a00000| Untracked 
|  63|0x0000000085b00000, 0x0000000085b00000, 0x0000000085c00000|  0%| F|  |TAMS 0x0000000085b00000, 0x0000000085b00000| Untracked 
|  64|0x0000000085c00000, 0x0000000085c00000, 0x0000000085d00000|  0%| F|  |TAMS 0x0000000085c00000, 0x0000000085c00000| Untracked 
|  65|0x0000000085d00000, 0x0000000085d00000, 0x0000000085e00000|  0%| F|  |TAMS 0x0000000085d00000, 0x0000000085d00000| Untracked 
|  66|0x0000000085e00000, 0x0000000085e00000, 0x0000000085f00000|  0%| F|  |TAMS 0x0000000085e00000, 0x0000000085e00000| Untracked 
|  67|0x0000000085f00000, 0x0000000085f00000, 0x0000000086000000|  0%| F|  |TAMS 0x0000000085f00000, 0x0000000085f00000| Untracked 
|  68|0x0000000086000000, 0x0000000086000000, 0x0000000086100000|  0%| F|  |TAMS 0x0000000086000000, 0x0000000086000000| Untracked 
|  69|0x0000000086100000, 0x0000000086100000, 0x0000000086200000|  0%| F|  |TAMS 0x0000000086100000, 0x0000000086100000| Untracked 
|  70|0x0000000086200000, 0x0000000086200000, 0x0000000086300000|  0%| F|  |TAMS 0x0000000086200000, 0x0000000086200000| Untracked 
|  71|0x0000000086300000, 0x0000000086300000, 0x0000000086400000|  0%| F|  |TAMS 0x0000000086300000, 0x0000000086300000| Untracked 
|  72|0x0000000086400000, 0x0000000086400000, 0x0000000086500000|  0%| F|  |TAMS 0x0000000086400000, 0x0000000086400000| Untracked 
|  73|0x0000000086500000, 0x0000000086500000, 0x0000000086600000|  0%| F|  |TAMS 0x0000000086500000, 0x0000000086500000| Untracked 
|  74|0x0000000086600000, 0x0000000086600000, 0x0000000086700000|  0%| F|  |TAMS 0x0000000086600000, 0x0000000086600000| Untracked 
|  75|0x0000000086700000, 0x0000000086700000, 0x0000000086800000|  0%| F|  |TAMS 0x0000000086700000, 0x0000000086700000| Untracked 
|  76|0x0000000086800000, 0x0000000086800000, 0x0000000086900000|  0%| F|  |TAMS 0x0000000086800000, 0x0000000086800000| Untracked 
|  77|0x0000000086900000, 0x0000000086900000, 0x0000000086a00000|  0%| F|  |TAMS 0x0000000086900000, 0x0000000086900000| Untracked 
|  78|0x0000000086a00000, 0x0000000086a00000, 0x0000000086b00000|  0%| F|  |TAMS 0x0000000086a00000, 0x0000000086a00000| Untracked 
|  79|0x0000000086b00000, 0x0000000086b00000, 0x0000000086c00000|  0%| F|  |TAMS 0x0000000086b00000, 0x0000000086b00000| Untracked 
|  80|0x0000000086c00000, 0x0000000086c00000, 0x0000000086d00000|  0%| F|  |TAMS 0x0000000086c00000, 0x0000000086c00000| Untracked 
|  81|0x0000000086d00000, 0x0000000086d00000, 0x0000000086e00000|  0%| F|  |TAMS 0x0000000086d00000, 0x0000000086d00000| Untracked 
|  82|0x0000000086e00000, 0x0000000086e00000, 0x0000000086f00000|  0%| F|  |TAMS 0x0000000086e00000, 0x0000000086e00000| Untracked 
|  83|0x0000000086f00000, 0x0000000086f00000, 0x0000000087000000|  0%| F|  |TAMS 0x0000000086f00000, 0x0000000086f00000| Untracked 
|  84|0x0000000087000000, 0x0000000087000000, 0x0000000087100000|  0%| F|  |TAMS 0x0000000087000000, 0x0000000087000000| Untracked 
|  85|0x0000000087100000, 0x0000000087100000, 0x0000000087200000|  0%| F|  |TAMS 0x0000000087100000, 0x0000000087100000| Untracked 
|  86|0x0000000087200000, 0x0000000087200000, 0x0000000087300000|  0%| F|  |TAMS 0x0000000087200000, 0x0000000087200000| Untracked 
|  87|0x0000000087300000, 0x0000000087300000, 0x0000000087400000|  0%| F|  |TAMS 0x0000000087300000, 0x0000000087300000| Untracked 
|  88|0x0000000087400000, 0x0000000087400000, 0x0000000087500000|  0%| F|  |TAMS 0x0000000087400000, 0x0000000087400000| Untracked 
|  89|0x0000000087500000, 0x0000000087500000, 0x0000000087600000|  0%| F|  |TAMS 0x0000000087500000, 0x0000000087500000| Untracked 
|  90|0x0000000087600000, 0x0000000087600000, 0x0000000087700000|  0%| F|  |TAMS 0x0000000087600000, 0x0000000087600000| Untracked 
|  91|0x0000000087700000, 0x0000000087700000, 0x0000000087800000|  0%| F|  |TAMS 0x0000000087700000, 0x0000000087700000| Untracked 
|  92|0x0000000087800000, 0x0000000087800000, 0x0000000087900000|  0%| F|  |TAMS 0x0000000087800000, 0x0000000087800000| Untracked 
|  93|0x0000000087900000, 0x0000000087900000, 0x0000000087a00000|  0%| F|  |TAMS 0x0000000087900000, 0x0000000087900000| Untracked 
|  94|0x0000000087a00000, 0x0000000087a00000, 0x0000000087b00000|  0%| F|  |TAMS 0x0000000087a00000, 0x0000000087a00000| Untracked 
|  95|0x0000000087b00000, 0x0000000087b00000, 0x0000000087c00000|  0%| F|  |TAMS 0x0000000087b00000, 0x0000000087b00000| Untracked 
|  96|0x0000000087c00000, 0x0000000087c00000, 0x0000000087d00000|  0%| F|  |TAMS 0x0000000087c00000, 0x0000000087c00000| Untracked 
|  97|0x0000000087d00000, 0x0000000087d00000, 0x0000000087e00000|  0%| F|  |TAMS 0x0000000087d00000, 0x0000000087d00000| Untracked 
|  98|0x0000000087e00000, 0x0000000087e00000, 0x0000000087f00000|  0%| F|  |TAMS 0x0000000087e00000, 0x0000000087e00000| Untracked 
|  99|0x0000000087f00000, 0x0000000087f00000, 0x0000000088000000|  0%| F|  |TAMS 0x0000000087f00000, 0x0000000087f00000| Untracked 
| 100|0x0000000088000000, 0x0000000088000000, 0x0000000088100000|  0%| F|  |TAMS 0x0000000088000000, 0x0000000088000000| Untracked 
| 101|0x0000000088100000, 0x0000000088100000, 0x0000000088200000|  0%| F|  |TAMS 0x0000000088100000, 0x0000000088100000| Untracked 
| 102|0x0000000088200000, 0x0000000088200000, 0x0000000088300000|  0%| F|  |TAMS 0x0000000088200000, 0x0000000088200000| Untracked 
| 103|0x0000000088300000, 0x0000000088300000, 0x0000000088400000|  0%| F|  |TAMS 0x0000000088300000, 0x0000000088300000| Untracked 
| 104|0x0000000088400000, 0x000000008847b640, 0x0000000088500000| 48%| E|  |TAMS 0x0000000088400000, 0x0000000088400000| Complete 
| 105|0x0000000088500000, 0x0000000088600000, 0x0000000088600000|100%| E|CS|TAMS 0x0000000088500000, 0x0000000088500000| Complete 
| 106|0x0000000088600000, 0x0000000088700000, 0x0000000088700000|100%| E|CS|TAMS 0x0000000088600000, 0x0000000088600000| Complete 
| 107|0x0000000088700000, 0x0000000088800000, 0x0000000088800000|100%| E|CS|TAMS 0x0000000088700000, 0x0000000088700000| Complete 
| 108|0x0000000088800000, 0x0000000088900000, 0x0000000088900000|100%| E|CS|TAMS 0x0000000088800000, 0x0000000088800000| Complete 
| 109|0x0000000088900000, 0x0000000088a00000, 0x0000000088a00000|100%| E|CS|TAMS 0x0000000088900000, 0x0000000088900000| Complete 
| 110|0x0000000088a00000, 0x0000000088b00000, 0x0000000088b00000|100%| E|CS|TAMS 0x0000000088a00000, 0x0000000088a00000| Complete 
| 111|0x0000000088b00000, 0x0000000088c00000, 0x0000000088c00000|100%| E|CS|TAMS 0x0000000088b00000, 0x0000000088b00000| Complete 
| 112|0x0000000088c00000, 0x0000000088d00000, 0x0000000088d00000|100%| E|CS|TAMS 0x0000000088c00000, 0x0000000088c00000| Complete 
| 113|0x0000000088d00000, 0x0000000088e00000, 0x0000000088e00000|100%| E|CS|TAMS 0x0000000088d00000, 0x0000000088d00000| Complete 
| 114|0x0000000088e00000, 0x0000000088f00000, 0x0000000088f00000|100%| E|CS|TAMS 0x0000000088e00000, 0x0000000088e00000| Complete 
| 115|0x0000000088f00000, 0x0000000089000000, 0x0000000089000000|100%| E|CS|TAMS 0x0000000088f00000, 0x0000000088f00000| Complete 
| 116|0x0000000089000000, 0x0000000089100000, 0x0000000089100000|100%| E|CS|TAMS 0x0000000089000000, 0x0000000089000000| Complete 
| 117|0x0000000089100000, 0x0000000089200000, 0x0000000089200000|100%| E|CS|TAMS 0x0000000089100000, 0x0000000089100000| Complete 
| 118|0x0000000089200000, 0x0000000089300000, 0x0000000089300000|100%| E|CS|TAMS 0x0000000089200000, 0x0000000089200000| Complete 
| 119|0x0000000089300000, 0x0000000089400000, 0x0000000089400000|100%| E|CS|TAMS 0x0000000089300000, 0x0000000089300000| Complete 
| 120|0x0000000089400000, 0x0000000089500000, 0x0000000089500000|100%| E|CS|TAMS 0x0000000089400000, 0x0000000089400000| Complete 
| 121|0x0000000089500000, 0x0000000089600000, 0x0000000089600000|100%| E|CS|TAMS 0x0000000089500000, 0x0000000089500000| Complete 
| 122|0x0000000089600000, 0x0000000089700000, 0x0000000089700000|100%| E|CS|TAMS 0x0000000089600000, 0x0000000089600000| Complete 
| 123|0x0000000089700000, 0x0000000089800000, 0x0000000089800000|100%| E|CS|TAMS 0x0000000089700000, 0x0000000089700000| Complete 
| 124|0x0000000089800000, 0x0000000089900000, 0x0000000089900000|100%| E|CS|TAMS 0x0000000089800000, 0x0000000089800000| Complete 
| 125|0x0000000089900000, 0x0000000089a00000, 0x0000000089a00000|100%| E|CS|TAMS 0x0000000089900000, 0x0000000089900000| Complete 
| 126|0x0000000089a00000, 0x0000000089b00000, 0x0000000089b00000|100%| E|  |TAMS 0x0000000089a00000, 0x0000000089a00000| Complete 
| 127|0x0000000089b00000, 0x0000000089c00000, 0x0000000089c00000|100%| E|CS|TAMS 0x0000000089b00000, 0x0000000089b00000| Complete 

Card table byte_map: [0x00000294e08f0000,0x00000294e0cf0000] _byte_map_base: 0x00000294e04e2000

Marking Bits (Prev, Next): (CMBitMap*) 0x00000294c6ee8628, (CMBitMap*) 0x00000294c6ee8668
 Prev Bits: [0x00000294e10f0000, 0x00000294e3080000)
 Next Bits: [0x00000294e3080000, 0x00000294e5010000)

Polling page: 0x00000294c6f80000

Metaspace:

Usage:
  Non-class:      6.53 MB capacity,     4.07 MB ( 62%) used,     2.45 MB ( 38%) free+waste,     7.13 KB ( <1%) overhead. 
      Class:    856.00 KB capacity,   591.37 KB ( 69%) used,   260.82 KB ( 30%) free+waste,     3.81 KB ( <1%) overhead. 
       Both:      7.37 MB capacity,     4.65 MB ( 63%) used,     2.71 MB ( 37%) free+waste,    10.94 KB ( <1%) overhead. 

Virtual space:
  Non-class space:        8.00 MB reserved,       6.75 MB ( 84%) committed 
      Class space:        1.00 GB reserved,     896.00 KB ( <1%) committed 
             Both:        1.01 GB reserved,       7.63 MB ( <1%) committed 

Chunk freelists:
   Non-Class:  4.13 KB
       Class:  1.00 KB
        Both:  5.13 KB

CodeHeap 'non-profiled nmethods': size=120000Kb used=292Kb max_used=292Kb free=119707Kb
 bounds [0x00000294d8550000, 0x00000294d87c0000, 0x00000294dfa80000]
CodeHeap 'profiled nmethods': size=120000Kb used=2010Kb max_used=2010Kb free=117989Kb
 bounds [0x00000294d1020000, 0x00000294d1290000, 0x00000294d8550000]
CodeHeap 'non-nmethods': size=5760Kb used=1097Kb max_used=1114Kb free=4662Kb
 bounds [0x00000294d0a80000, 0x00000294d0cf0000, 0x00000294d1020000]
 total_blobs=1554 nmethods=947 adapters=306
 compilation: enabled
              stopped_count=0, restarted_count=0
 full_count=0

Compilation events (10 events):
Event: 0.510 Thread 0x00000294e7b17800  951       3       org.codehaus.plexus.util.xml.pull.MXParser::ensureElementsCapacity (265 bytes)
Event: 0.511 Thread 0x00000294e7b17800 nmethod 951 0x00000294d120ab10 code [0x00000294d120ada0, 0x00000294d120bf30]
Event: 0.511 Thread 0x00000294e7b17800  952       3       org.codehaus.plexus.util.xml.pull.MXParser::getName (84 bytes)
Event: 0.511 Thread 0x00000294e7b17800 nmethod 952 0x00000294d120c210 code [0x00000294d120c420, 0x00000294d120ca20]
Event: 0.511 Thread 0x00000294e7b17800  950       3       org.codehaus.plexus.util.xml.pull.MXParser::getText (125 bytes)
Event: 0.512 Thread 0x00000294e7b17800 nmethod 950 0x00000294d120cc90 code [0x00000294d120cec0, 0x00000294d120d700]
Event: 0.513 Thread 0x00000294e9154000 nmethod 939 0x00000294d8597d90 code [0x00000294d8597f60, 0x00000294d8598678]
Event: 0.514 Thread 0x00000294e9154000  944       4       sun.nio.cs.StreamDecoder::implRead (243 bytes)
Event: 0.517 Thread 0x00000294e7b17800  954       3       java.lang.Character::charCount (12 bytes)
Event: 0.517 Thread 0x00000294e7b17800 nmethod 954 0x00000294d120d990 code [0x00000294d120db40, 0x00000294d120dcd8]

GC Heap History (0 events):
No events

Deoptimization events (6 events):
Event: 0.054 Thread 0x00000294c6ea8000 Uncommon trap: reason=unstable_if action=reinterpret pc=0x00000294d8554b2c method=java.lang.String.hashCode()I @ 14 c2
Event: 0.268 Thread 0x00000294c6ea8000 Uncommon trap: reason=unstable_if action=reinterpret pc=0x00000294d857411c method=java.lang.StringUTF16.compress([CI[BII)I @ 20 c2
Event: 0.302 Thread 0x00000294c6ea8000 Uncommon trap: reason=unstable_if action=reinterpret pc=0x00000294d8558b64 method=java.lang.AbstractStringBuilder.append(C)Ljava/lang/AbstractStringBuilder; @ 21 c2
Event: 0.303 Thread 0x00000294c6ea8000 Uncommon trap: reason=unstable_if action=reinterpret pc=0x00000294d855ab48 method=java.lang.AbstractStringBuilder.append(C)Ljava/lang/AbstractStringBuilder; @ 21 c2
Event: 0.463 Thread 0x00000294c6ea8000 Uncommon trap: reason=unstable_if action=reinterpret pc=0x00000294d8592820 method=java.util.HashMap.getNode(ILjava/lang/Object;)Ljava/util/HashMap$Node; @ 129 c2
Event: 0.463 Thread 0x00000294c6ea8000 Uncommon trap: reason=unstable_if action=reinterpret pc=0x00000294d859453c method=java.util.HashMap.putVal(ILjava/lang/Object;Ljava/lang/Object;ZZ)Ljava/lang/Object; @ 181 c2

Classes redefined (0 events):
No events

Internal exceptions (1 events):
Event: 0.243 Thread 0x00000294c6ea8000 Exception <a 'java/lang/NoSuchMethodError'{0x00000000896ed408}: java.lang.invoke.DirectMethodHandle$Holder.invokeSpecialIFC(Ljava/lang/Object;Ljava/lang/Object;I)I> (0x00000000896ed408) thrown at [t:/workspace/open/src/hotspot/share/interpreter/linkResolv

Events (10 events):
Event: 0.514 loading class org/eclipse/sisu/plexus/ConfigurationImpl
Event: 0.514 loading class org/eclipse/sisu/plexus/ConfigurationImpl done
Event: 0.515 loading class org/apache/maven/repository/metadata/GraphConflictResolutionPolicy
Event: 0.515 loading class org/apache/maven/repository/metadata/GraphConflictResolutionPolicy done
Event: 0.515 loading class org/apache/maven/repository/metadata/GraphConflictResolutionPolicy
Event: 0.515 loading class org/apache/maven/repository/metadata/GraphConflictResolutionPolicy done
Event: 0.515 loading class org/apache/maven/repository/metadata/GraphConflictResolver
Event: 0.515 loading class org/apache/maven/repository/metadata/GraphConflictResolver done
Event: 0.515 loading class org/apache/maven/repository/metadata/GraphConflictResolver
Event: 0.515 loading class org/apache/maven/repository/metadata/GraphConflictResolver done


Dynamic libraries:
0x00007ff731160000 - 0x00007ff73116f000 	D:\Program Files\Java\jdk-12\bin\java.exe
0x00007ffd71700000 - 0x00007ffd718f0000 	C:\WINDOWS\SYSTEM32\ntdll.dll
0x00007ffd6fdd0000 - 0x00007ffd6fe82000 	C:\WINDOWS\System32\KERNEL32.DLL
0x00007ffd6f180000 - 0x00007ffd6f423000 	C:\WINDOWS\System32\KERNELBASE.dll
0x00007ffd6ef90000 - 0x00007ffd6f08a000 	C:\WINDOWS\System32\ucrtbase.dll
0x00007ffd67ad0000 - 0x00007ffd67ae6000 	D:\Program Files\Java\jdk-12\bin\VCRUNTIME140.dll
0x00007ffd504b0000 - 0x00007ffd504c8000 	D:\Program Files\Java\jdk-12\bin\jli.dll
0x00007ffd71460000 - 0x00007ffd71503000 	C:\WINDOWS\System32\ADVAPI32.dll
0x00007ffd6f780000 - 0x00007ffd6f81e000 	C:\WINDOWS\System32\msvcrt.dll
0x00007ffd71510000 - 0x00007ffd715a7000 	C:\WINDOWS\System32\sechost.dll
0x00007ffd6fcb0000 - 0x00007ffd6fdd0000 	C:\WINDOWS\System32\RPCRT4.dll
0x00007ffd6fe90000 - 0x00007ffd70023000 	C:\WINDOWS\System32\USER32.dll
0x00007ffd6f090000 - 0x00007ffd6f0b1000 	C:\WINDOWS\System32\win32u.dll
0x00007ffd5ef20000 - 0x00007ffd5f1a5000 	C:\WINDOWS\WinSxS\amd64_microsoft.windows.common-controls_6595b64144ccf1df_6.0.18362.295_none_e6c3acbd13101292\COMCTL32.dll
0x00007ffd71430000 - 0x00007ffd71456000 	C:\WINDOWS\System32\GDI32.dll
0x00007ffd6f970000 - 0x00007ffd6fca6000 	C:\WINDOWS\System32\combase.dll
0x00007ffd6f580000 - 0x00007ffd6f714000 	C:\WINDOWS\System32\gdi32full.dll
0x00007ffd6ef10000 - 0x00007ffd6ef90000 	C:\WINDOWS\System32\bcryptPrimitives.dll
0x00007ffd6f0c0000 - 0x00007ffd6f15e000 	C:\WINDOWS\System32\msvcp_win.dll
0x00007ffd623e0000 - 0x00007ffd623ea000 	C:\WINDOWS\SYSTEM32\VERSION.dll
0x00007ffd70c90000 - 0x00007ffd70cbe000 	C:\WINDOWS\System32\IMM32.DLL
0x00007ffd3eba0000 - 0x00007ffd3ec4a000 	D:\Program Files\Java\jdk-12\bin\msvcp140.dll
0x00007ffcfb560000 - 0x00007ffcfc0d4000 	D:\Program Files\Java\jdk-12\bin\server\jvm.dll
0x00007ffd70b30000 - 0x00007ffd70b38000 	C:\WINDOWS\System32\PSAPI.DLL
0x00007ffd6b010000 - 0x00007ffd6b034000 	C:\WINDOWS\SYSTEM32\WINMM.dll
0x00007ffd5d860000 - 0x00007ffd5d869000 	C:\WINDOWS\SYSTEM32\WSOCK32.dll
0x00007ffd70c20000 - 0x00007ffd70c8f000 	C:\WINDOWS\System32\WS2_32.dll
0x00007ffd6ae70000 - 0x00007ffd6ae9d000 	C:\WINDOWS\SYSTEM32\winmmbase.dll
0x00007ffd6e740000 - 0x00007ffd6e78a000 	C:\WINDOWS\System32\cfgmgr32.dll
0x00007ffd6e600000 - 0x00007ffd6e611000 	C:\WINDOWS\System32\kernel.appcore.dll
0x00007ffd45530000 - 0x00007ffd45541000 	D:\Program Files\Java\jdk-12\bin\verify.dll
0x00007ffd5b4c0000 - 0x00007ffd5b6b4000 	C:\WINDOWS\SYSTEM32\DBGHELP.DLL
0x00007ffd5b0e0000 - 0x00007ffd5b10a000 	C:\WINDOWS\SYSTEM32\dbgcore.DLL
0x00007ffd4d150000 - 0x00007ffd4d176000 	D:\Program Files\Java\jdk-12\bin\java.dll
0x00007ffd439c0000 - 0x00007ffd439d7000 	D:\Program Files\Java\jdk-12\bin\zip.dll
0x00007ffd6ada0000 - 0x00007ffd6adaa000 	D:\Program Files\Java\jdk-12\bin\jimage.dll
0x00007ffd70230000 - 0x00007ffd70912000 	C:\WINDOWS\System32\SHELL32.dll
0x00007ffd70920000 - 0x00007ffd709c9000 	C:\WINDOWS\System32\shcore.dll
0x00007ffd6e790000 - 0x00007ffd6ef0c000 	C:\WINDOWS\System32\windows.storage.dll
0x00007ffd6e640000 - 0x00007ffd6e65f000 	C:\WINDOWS\System32\profapi.dll
0x00007ffd6e5b0000 - 0x00007ffd6e5fa000 	C:\WINDOWS\System32\powrprof.dll
0x00007ffd6e5a0000 - 0x00007ffd6e5b0000 	C:\WINDOWS\System32\UMPDC.dll
0x00007ffd71630000 - 0x00007ffd71682000 	C:\WINDOWS\System32\shlwapi.dll
0x00007ffd6f160000 - 0x00007ffd6f177000 	C:\WINDOWS\System32\cryptsp.dll
0x00007ffd67820000 - 0x00007ffd67839000 	D:\Program Files\Java\jdk-12\bin\net.dll
0x00007ffd64150000 - 0x00007ffd64326000 	C:\WINDOWS\SYSTEM32\urlmon.dll
0x00007ffd64650000 - 0x00007ffd64740000 	C:\WINDOWS\SYSTEM32\WINHTTP.dll
0x00007ffd63ea0000 - 0x00007ffd64146000 	C:\WINDOWS\SYSTEM32\iertutil.dll
0x00007ffd6df80000 - 0x00007ffd6df8c000 	C:\WINDOWS\SYSTEM32\CRYPTBASE.DLL
0x00007ffd6ddb0000 - 0x00007ffd6de17000 	C:\WINDOWS\system32\mswsock.dll
0x00007ffd40140000 - 0x00007ffd40153000 	D:\Program Files\Java\jdk-12\bin\nio.dll

dbghelp: loaded successfully - version: 4.0.5 - missing functions: none
symbol engine: initialized successfully - sym options: 0x614 - pdb path: .;D:\Program Files\Java\jdk-12\bin;C:\WINDOWS\SYSTEM32;C:\WINDOWS\WinSxS\amd64_microsoft.windows.common-controls_6595b64144ccf1df_6.0.18362.295_none_e6c3acbd13101292;D:\Program Files\Java\jdk-12\bin\server

VM Arguments:
jvm_args: -Dclassworlds.conf=D:\Program Files\NetBeans-11.1\netbeans\java\maven\bin\m2.conf -Dmaven.home=D:\Program Files\NetBeans-11.1\netbeans\java\maven -Dmaven.multiModuleProjectDirectory=D:\Мои материалы\Каталог\Dropbox\ИСУ\Дисциплины\ООП\2019\Лаб 2\Java\Lab2 
java_command: org.codehaus.plexus.classworlds.launcher.Launcher -Dmaven.ext.class.path=D:\Program Files\NetBeans-11.1\netbeans\java\maven-nblib\netbeans-eventspy.jar -Dfile.encoding=UTF-8 install
java_class_path (initial): D:\Program Files\NetBeans-11.1\netbeans\java\maven\boot\plexus-classworlds-2.5.2.jar
Launcher Type: SUN_STANDARD

[Global flags]
     intx CICompilerCount                          = 4                                         {product} {ergonomic}
     uint ConcGCThreads                            = 2                                         {product} {ergonomic}
     uint G1ConcRefinementThreads                  = 8                                         {product} {ergonomic}
   size_t G1HeapRegionSize                         = 1048576                                   {product} {ergonomic}
    uintx GCDrainStackTargetSize                   = 64                                        {product} {ergonomic}
   size_t InitialHeapSize                          = 134217728                                 {product} {ergonomic}
   size_t MarkStackSize                            = 4194304                                   {product} {ergonomic}
   size_t MaxHeapSize                              = 2118123520                                {product} {ergonomic}
   size_t MaxNewSize                               = 1270874112                                {product} {ergonomic}
   size_t MinHeapDeltaBytes                        = 1048576                                   {product} {ergonomic}
    uintx NonNMethodCodeHeapSize                   = 5836300                                {pd product} {ergonomic}
    uintx NonProfiledCodeHeapSize                  = 122910970                              {pd product} {ergonomic}
    uintx ProfiledCodeHeapSize                     = 122910970                              {pd product} {ergonomic}
    uintx ReservedCodeCacheSize                    = 251658240                              {pd product} {ergonomic}
     bool SegmentedCodeCache                       = true                                      {product} {ergonomic}
     bool UseCompressedClassPointers               = true                                 {lp64_product} {ergonomic}
     bool UseCompressedOops                        = true                                 {lp64_product} {ergonomic}
     bool UseG1GC                                  = true                                      {product} {ergonomic}
     bool UseLargePagesIndividualAllocation        = false                                  {pd product} {ergonomic}

Logging:
Log output configuration:
 #0: stdout all=warning uptime,level,tags
 #1: stderr all=off uptime,level,tags

Environment Variables:
JAVA_HOME=D:\Program Files\Java\jdk-12
PATH=C:\ProgramData\Oracle\Java\javapath;C:\Program Files (x86)\Intel\iCLS Client\;C:\Program Files\Intel\iCLS Client\;C:\WINDOWS\system32;C:\WINDOWS;C:\WINDOWS\System32\Wbem;C:\WINDOWS\System32\WindowsPowerShell\v1.0\;C:\Program Files\Intel\WiFi\bin\;C:\Program Files\Common Files\Intel\WirelessCommon\;C:\Program Files\Aladdin\eToken\PKIClient\x32;C:\Program Files\Aladdin\eToken\PKIClient\x64;C:\Program Files\Intel\Intel(R) Management Engine Components\DAL;C:\Program Files\Intel\Intel(R) Management Engine Components\IPT;C:\Program Files (x86)\Intel\Intel(R) Management Engine Components\DAL;C:\Program Files (x86)\Intel\Intel(R) Management Engine Components\IPT;C:\Program Files (x86)\NVIDIA Corporation\PhysX\Common;C:\WINDOWS\system32;C:\WINDOWS;C:\WINDOWS\System32\Wbem;C:\WINDOWS\System32\WindowsPowerShell\v1.0\;C:\WINDOWS\System32\OpenSSH\;C:\Users\Юрий\AppData\Local\Microsoft\WindowsApps;
USERNAME=Юрий
OS=Windows_NT
PROCESSOR_IDENTIFIER=Intel64 Family 6 Model 58 Stepping 9, GenuineIntel



---------------  S Y S T E M  ---------------

OS: Windows 10 , 64 bit Build 18362 (10.0.18362.86)

CPU:total 8 (initial active 8) (4 cores per cpu, 2 threads per core) family 6 model 58 stepping 9, cmov, cx8, fxsr, mmx, sse, sse2, sse3, ssse3, sse4.1, sse4.2, popcnt, avx, aes, clmul, erms, ht, tsc, tscinvbit, tscinv

Memory: 4k page, system-wide physical 8079M (627M free)
TotalPageFile size 12658M (AvailPageFile size 4M)
current process WorkingSet (physical memory assigned to process): 77M, peak: 77M
current process commit charge ("private bytes"): 226M, peak: 227M

vm_info: Java HotSpot(TM) 64-Bit Server VM (12+33) for windows-amd64 JRE (12+33), built on Feb 21 2019 02:31:50 by "mach5one" with MS VC++ 15.5 (VS2017)

END.
